2023-10-17 18:36:26,333{GMT}	INFO	[jepsen test runner] jepsen.core: Command line:
lein run test -w echo --bin ./target/debug/maelstrom-echo --node-count 1 --time-limit 10
2023-10-17 18:36:26,442{GMT}	INFO	[jepsen test runner] jepsen.core: Running test:
{:args []
 :remote
 #jepsen.control.retry.Remote{:remote #jepsen.control.scp.Remote{:cmd-remote #jepsen.control.sshj.SSHJRemote{:concurrency-limit 6,
                                                                                                             :conn-spec nil,
                                                                                                             :client nil,
                                                                                                             :semaphore nil},
                                                                 :conn-spec nil},
                              :conn nil}
 :log-net-send false
 :node-count 1
 :availability nil
 :max-txn-length 4
 :concurrency 1
 :db
 #object[maelstrom.db$db$reify__16142
         "0x11736ebc"
         "maelstrom.db$db$reify__16142@11736ebc"]
 :max-writes-per-key 16
 :leave-db-running? false
 :name "echo"
 :logging-json? false
 :start-time
 #object[org.joda.time.DateTime "0x50a1c2f3" "2023-10-17T18:36:26.304+02:00"]
 :nemesis-interval 10
 :net
 #object[maelstrom.net$jepsen_net$reify__15251
         "0x453ca7f"
         "maelstrom.net$jepsen_net$reify__15251@453ca7f"]
 :client
 #object[maelstrom.workload.echo$client$reify__16863
         "0x5d41b929"
         "maelstrom.workload.echo$client$reify__16863@5d41b929"]
 :barrier
 #object[java.util.concurrent.CyclicBarrier
         "0x6dd0e2f4"
         "java.util.concurrent.CyclicBarrier@6dd0e2f4"]
 :log-stderr false
 :pure-generators true
 :ssh {:dummy? true}
 :rate 5
 :checker
 #object[jepsen.checker$compose$reify__11881
         "0x333813e7"
         "jepsen.checker$compose$reify__11881@333813e7"]
 :argv
 ("test"
  "-w"
  "echo"
  "--bin"
  "./target/debug/maelstrom-echo"
  "--node-count"
  "1"
  "--time-limit"
  "10")
 :nemesis
 (jepsen.nemesis.ReflCompose
  {:fm {:start-partition 0,
        :stop-partition 0,
        :kill 1,
        :start 1,
        :pause 1,
        :resume 1},
   :nemeses [#unprintable "jepsen.nemesis.combined$partition_nemesis$reify__16416@292237cd"
             #unprintable "jepsen.nemesis.combined$db_nemesis$reify__16397@797a5b31"]})
 :nodes ["n0"]
 :test-count 1
 :latency {:mean 0, :dist :constant}
 :bin "./target/debug/maelstrom-echo"
 :generator
 (jepsen.generator.TimeLimit
  {:limit 10000000000,
   :cutoff nil,
   :gen (jepsen.generator.Any
         {:gens [(jepsen.generator.OnThreads
                  {:f #{:nemesis},
                   :context-filter #object[jepsen.generator.context$make_thread_filter$lazy_filter__9167
                                           "0xd7645b2"
                                           "jepsen.generator.context$make_thread_filter$lazy_filter__9167@d7645b2"],
                   :gen nil})
                 (jepsen.generator.OnThreads
                  {:f #jepsen.generator.context.AllBut{:element :nemesis},
                   :context-filter #object[jepsen.generator.context$make_thread_filter$lazy_filter__9167
                                           "0x72e4905c"
                                           "jepsen.generator.context$make_thread_filter$lazy_filter__9167@72e4905c"],
                   :gen (jepsen.generator.Stagger
                         {:dt 400000000,
                          :next-time nil,
                          :gen (jepsen.generator.EachThread
                                {:fresh-gen #object[maelstrom.workload.echo$workload$fn__16882
                                                    "0x279b83ea"
                                                    "maelstrom.workload.echo$workload$fn__16882@279b83ea"],
                                 :context-filters #object[clojure.core$promise$reify__8591
                                                          "0x7f9083b4"
                                                          {:status :pending,
                                                           :val nil}],
                                 :gens {}})})})]})})
 :log-net-recv false
 :os
 #object[maelstrom.net$jepsen_os$reify__15254
         "0x40f40221"
         "maelstrom.net$jepsen_os$reify__15254@40f40221"]
 :time-limit 10
 :workload :echo
 :consistency-models [:strict-serializable]
 :topology :grid}

2023-10-17 18:36:30,618{GMT}	INFO	[jepsen node n0] maelstrom.net: Starting Maelstrom network
2023-10-17 18:36:30,620{GMT}	INFO	[jepsen test runner] jepsen.db: Tearing down DB
2023-10-17 18:36:30,622{GMT}	INFO	[jepsen test runner] jepsen.db: Setting up DB
2023-10-17 18:36:30,628{GMT}	INFO	[jepsen node n0] maelstrom.service: Starting services: (lin-kv lin-tso lww-kv seq-kv)
2023-10-17 18:36:30,631{GMT}	INFO	[jepsen node n0] maelstrom.db: Setting up n0
2023-10-17 18:36:30,633{GMT}	INFO	[jepsen node n0] maelstrom.process: launching ./target/debug/maelstrom-echo []
2023-10-17 18:36:30,667{GMT}	INFO	[jepsen test runner] jepsen.core: Relative time begins now
2023-10-17 18:36:30,693{GMT}	INFO	[jepsen worker 0] jepsen.util: 0	:invoke	:echo	"Please echo 22"
2023-10-17 18:36:30,708{GMT}	INFO	[jepsen worker 0] jepsen.util: 0	:ok	:echo	{:msg_id 2, :in_reply_to 1, :type "echo_ok", :echo "Please echo 22"}
2023-10-17 18:36:30,933{GMT}	INFO	[jepsen worker 0] jepsen.util: 0	:invoke	:echo	"Please echo 93"
2023-10-17 18:36:30,937{GMT}	INFO	[jepsen worker 0] jepsen.util: 0	:ok	:echo	{:msg_id 4, :in_reply_to 2, :type "echo_ok", :echo "Please echo 93"}
2023-10-17 18:36:31,225{GMT}	INFO	[jepsen worker 0] jepsen.util: 0	:invoke	:echo	"Please echo 56"
2023-10-17 18:36:31,229{GMT}	INFO	[jepsen worker 0] jepsen.util: 0	:ok	:echo	{:msg_id 6, :in_reply_to 3, :type "echo_ok", :echo "Please echo 56"}
2023-10-17 18:36:31,273{GMT}	INFO	[jepsen worker 0] jepsen.util: 0	:invoke	:echo	"Please echo 7"
2023-10-17 18:36:31,277{GMT}	INFO	[jepsen worker 0] jepsen.util: 0	:ok	:echo	{:msg_id 8, :in_reply_to 4, :type "echo_ok", :echo "Please echo 7"}
2023-10-17 18:36:31,307{GMT}	INFO	[jepsen worker 0] jepsen.util: 0	:invoke	:echo	"Please echo 78"
2023-10-17 18:36:31,312{GMT}	INFO	[jepsen worker 0] jepsen.util: 0	:ok	:echo	{:msg_id 10, :in_reply_to 5, :type "echo_ok", :echo "Please echo 78"}
2023-10-17 18:36:31,391{GMT}	INFO	[jepsen worker 0] jepsen.util: 0	:invoke	:echo	"Please echo 74"
2023-10-17 18:36:31,394{GMT}	INFO	[jepsen worker 0] jepsen.util: 0	:ok	:echo	{:msg_id 12, :in_reply_to 6, :type "echo_ok", :echo "Please echo 74"}
2023-10-17 18:36:31,620{GMT}	INFO	[jepsen worker 0] jepsen.util: 0	:invoke	:echo	"Please echo 43"
2023-10-17 18:36:31,624{GMT}	INFO	[jepsen worker 0] jepsen.util: 0	:ok	:echo	{:msg_id 14, :in_reply_to 7, :type "echo_ok", :echo "Please echo 43"}
2023-10-17 18:36:31,866{GMT}	INFO	[jepsen worker 0] jepsen.util: 0	:invoke	:echo	"Please echo 55"
2023-10-17 18:36:31,870{GMT}	INFO	[jepsen worker 0] jepsen.util: 0	:ok	:echo	{:msg_id 16, :in_reply_to 8, :type "echo_ok", :echo "Please echo 55"}
2023-10-17 18:36:32,115{GMT}	INFO	[jepsen worker 0] jepsen.util: 0	:invoke	:echo	"Please echo 93"
2023-10-17 18:36:32,118{GMT}	INFO	[jepsen worker 0] jepsen.util: 0	:ok	:echo	{:msg_id 18, :in_reply_to 9, :type "echo_ok", :echo "Please echo 93"}
2023-10-17 18:36:32,413{GMT}	INFO	[jepsen worker 0] jepsen.util: 0	:invoke	:echo	"Please echo 98"
2023-10-17 18:36:32,417{GMT}	INFO	[jepsen worker 0] jepsen.util: 0	:ok	:echo	{:msg_id 20, :in_reply_to 10, :type "echo_ok", :echo "Please echo 98"}
2023-10-17 18:36:32,461{GMT}	INFO	[jepsen worker 0] jepsen.util: 0	:invoke	:echo	"Please echo 112"
2023-10-17 18:36:32,464{GMT}	INFO	[jepsen worker 0] jepsen.util: 0	:ok	:echo	{:msg_id 22, :in_reply_to 11, :type "echo_ok", :echo "Please echo 112"}
2023-10-17 18:36:32,818{GMT}	INFO	[jepsen worker 0] jepsen.util: 0	:invoke	:echo	"Please echo 123"
2023-10-17 18:36:32,820{GMT}	INFO	[jepsen worker 0] jepsen.util: 0	:ok	:echo	{:msg_id 24, :in_reply_to 12, :type "echo_ok", :echo "Please echo 123"}
2023-10-17 18:36:33,029{GMT}	INFO	[jepsen worker 0] jepsen.util: 0	:invoke	:echo	"Please echo 57"
2023-10-17 18:36:33,032{GMT}	INFO	[jepsen worker 0] jepsen.util: 0	:ok	:echo	{:msg_id 26, :in_reply_to 13, :type "echo_ok", :echo "Please echo 57"}
2023-10-17 18:36:33,073{GMT}	INFO	[jepsen worker 0] jepsen.util: 0	:invoke	:echo	"Please echo 25"
2023-10-17 18:36:33,077{GMT}	INFO	[jepsen worker 0] jepsen.util: 0	:ok	:echo	{:msg_id 28, :in_reply_to 14, :type "echo_ok", :echo "Please echo 25"}
2023-10-17 18:36:33,184{GMT}	INFO	[jepsen worker 0] jepsen.util: 0	:invoke	:echo	"Please echo 2"
2023-10-17 18:36:33,187{GMT}	INFO	[jepsen worker 0] jepsen.util: 0	:ok	:echo	{:msg_id 30, :in_reply_to 15, :type "echo_ok", :echo "Please echo 2"}
2023-10-17 18:36:33,585{GMT}	INFO	[jepsen worker 0] jepsen.util: 0	:invoke	:echo	"Please echo 88"
2023-10-17 18:36:33,588{GMT}	INFO	[jepsen worker 0] jepsen.util: 0	:ok	:echo	{:msg_id 32, :in_reply_to 16, :type "echo_ok", :echo "Please echo 88"}
2023-10-17 18:36:33,879{GMT}	INFO	[jepsen worker 0] jepsen.util: 0	:invoke	:echo	"Please echo 45"
2023-10-17 18:36:33,881{GMT}	INFO	[jepsen worker 0] jepsen.util: 0	:ok	:echo	{:msg_id 34, :in_reply_to 17, :type "echo_ok", :echo "Please echo 45"}
2023-10-17 18:36:34,047{GMT}	INFO	[jepsen worker 0] jepsen.util: 0	:invoke	:echo	"Please echo 113"
2023-10-17 18:36:34,050{GMT}	INFO	[jepsen worker 0] jepsen.util: 0	:ok	:echo	{:msg_id 36, :in_reply_to 18, :type "echo_ok", :echo "Please echo 113"}
2023-10-17 18:36:34,236{GMT}	INFO	[jepsen worker 0] jepsen.util: 0	:invoke	:echo	"Please echo 9"
2023-10-17 18:36:34,241{GMT}	INFO	[jepsen worker 0] jepsen.util: 0	:ok	:echo	{:msg_id 38, :in_reply_to 19, :type "echo_ok", :echo "Please echo 9"}
2023-10-17 18:36:34,286{GMT}	INFO	[jepsen worker 0] jepsen.util: 0	:invoke	:echo	"Please echo 127"
2023-10-17 18:36:34,290{GMT}	INFO	[jepsen worker 0] jepsen.util: 0	:ok	:echo	{:msg_id 40, :in_reply_to 20, :type "echo_ok", :echo "Please echo 127"}
2023-10-17 18:36:34,362{GMT}	INFO	[jepsen worker 0] jepsen.util: 0	:invoke	:echo	"Please echo 23"
2023-10-17 18:36:34,367{GMT}	INFO	[jepsen worker 0] jepsen.util: 0	:ok	:echo	{:msg_id 42, :in_reply_to 21, :type "echo_ok", :echo "Please echo 23"}
2023-10-17 18:36:34,748{GMT}	INFO	[jepsen worker 0] jepsen.util: 0	:invoke	:echo	"Please echo 105"
2023-10-17 18:36:34,751{GMT}	INFO	[jepsen worker 0] jepsen.util: 0	:ok	:echo	{:msg_id 44, :in_reply_to 22, :type "echo_ok", :echo "Please echo 105"}
2023-10-17 18:36:34,798{GMT}	INFO	[jepsen worker 0] jepsen.util: 0	:invoke	:echo	"Please echo 63"
2023-10-17 18:36:34,802{GMT}	INFO	[jepsen worker 0] jepsen.util: 0	:ok	:echo	{:msg_id 46, :in_reply_to 23, :type "echo_ok", :echo "Please echo 63"}
2023-10-17 18:36:34,955{GMT}	INFO	[jepsen worker 0] jepsen.util: 0	:invoke	:echo	"Please echo 60"
2023-10-17 18:36:34,959{GMT}	INFO	[jepsen worker 0] jepsen.util: 0	:ok	:echo	{:msg_id 48, :in_reply_to 24, :type "echo_ok", :echo "Please echo 60"}
2023-10-17 18:36:35,295{GMT}	INFO	[jepsen worker 0] jepsen.util: 0	:invoke	:echo	"Please echo 55"
2023-10-17 18:36:35,298{GMT}	INFO	[jepsen worker 0] jepsen.util: 0	:ok	:echo	{:msg_id 50, :in_reply_to 25, :type "echo_ok", :echo "Please echo 55"}
2023-10-17 18:36:35,492{GMT}	INFO	[jepsen worker 0] jepsen.util: 0	:invoke	:echo	"Please echo 47"
2023-10-17 18:36:35,496{GMT}	INFO	[jepsen worker 0] jepsen.util: 0	:ok	:echo	{:msg_id 52, :in_reply_to 26, :type "echo_ok", :echo "Please echo 47"}
2023-10-17 18:36:35,611{GMT}	INFO	[jepsen worker 0] jepsen.util: 0	:invoke	:echo	"Please echo 111"
2023-10-17 18:36:35,616{GMT}	INFO	[jepsen worker 0] jepsen.util: 0	:ok	:echo	{:msg_id 54, :in_reply_to 27, :type "echo_ok", :echo "Please echo 111"}
2023-10-17 18:36:35,911{GMT}	INFO	[jepsen worker 0] jepsen.util: 0	:invoke	:echo	"Please echo 24"
2023-10-17 18:36:35,916{GMT}	INFO	[jepsen worker 0] jepsen.util: 0	:ok	:echo	{:msg_id 56, :in_reply_to 28, :type "echo_ok", :echo "Please echo 24"}
2023-10-17 18:36:36,208{GMT}	INFO	[jepsen worker 0] jepsen.util: 0	:invoke	:echo	"Please echo 50"
2023-10-17 18:36:36,211{GMT}	INFO	[jepsen worker 0] jepsen.util: 0	:ok	:echo	{:msg_id 58, :in_reply_to 29, :type "echo_ok", :echo "Please echo 50"}
2023-10-17 18:36:36,307{GMT}	INFO	[jepsen worker 0] jepsen.util: 0	:invoke	:echo	"Please echo 58"
2023-10-17 18:36:36,310{GMT}	INFO	[jepsen worker 0] jepsen.util: 0	:ok	:echo	{:msg_id 60, :in_reply_to 30, :type "echo_ok", :echo "Please echo 58"}
2023-10-17 18:36:36,315{GMT}	INFO	[jepsen worker 0] jepsen.util: 0	:invoke	:echo	"Please echo 124"
2023-10-17 18:36:36,317{GMT}	INFO	[jepsen worker 0] jepsen.util: 0	:ok	:echo	{:msg_id 62, :in_reply_to 31, :type "echo_ok", :echo "Please echo 124"}
2023-10-17 18:36:36,713{GMT}	INFO	[jepsen worker 0] jepsen.util: 0	:invoke	:echo	"Please echo 47"
2023-10-17 18:36:36,717{GMT}	INFO	[jepsen worker 0] jepsen.util: 0	:ok	:echo	{:msg_id 64, :in_reply_to 32, :type "echo_ok", :echo "Please echo 47"}
2023-10-17 18:36:36,904{GMT}	INFO	[jepsen worker 0] jepsen.util: 0	:invoke	:echo	"Please echo 39"
2023-10-17 18:36:36,908{GMT}	INFO	[jepsen worker 0] jepsen.util: 0	:ok	:echo	{:msg_id 66, :in_reply_to 33, :type "echo_ok", :echo "Please echo 39"}
2023-10-17 18:36:37,017{GMT}	INFO	[jepsen worker 0] jepsen.util: 0	:invoke	:echo	"Please echo 108"
2023-10-17 18:36:37,021{GMT}	INFO	[jepsen worker 0] jepsen.util: 0	:ok	:echo	{:msg_id 68, :in_reply_to 34, :type "echo_ok", :echo "Please echo 108"}
2023-10-17 18:36:37,227{GMT}	INFO	[jepsen worker 0] jepsen.util: 0	:invoke	:echo	"Please echo 12"
2023-10-17 18:36:37,231{GMT}	INFO	[jepsen worker 0] jepsen.util: 0	:ok	:echo	{:msg_id 70, :in_reply_to 35, :type "echo_ok", :echo "Please echo 12"}
2023-10-17 18:36:37,293{GMT}	INFO	[jepsen worker 0] jepsen.util: 0	:invoke	:echo	"Please echo 20"
2023-10-17 18:36:37,297{GMT}	INFO	[jepsen worker 0] jepsen.util: 0	:ok	:echo	{:msg_id 72, :in_reply_to 36, :type "echo_ok", :echo "Please echo 20"}
2023-10-17 18:36:37,560{GMT}	INFO	[jepsen worker 0] jepsen.util: 0	:invoke	:echo	"Please echo 26"
2023-10-17 18:36:37,565{GMT}	INFO	[jepsen worker 0] jepsen.util: 0	:ok	:echo	{:msg_id 74, :in_reply_to 37, :type "echo_ok", :echo "Please echo 26"}
2023-10-17 18:36:37,593{GMT}	INFO	[jepsen worker 0] jepsen.util: 0	:invoke	:echo	"Please echo 16"
2023-10-17 18:36:37,597{GMT}	INFO	[jepsen worker 0] jepsen.util: 0	:ok	:echo	{:msg_id 76, :in_reply_to 38, :type "echo_ok", :echo "Please echo 16"}
2023-10-17 18:36:37,753{GMT}	INFO	[jepsen worker 0] jepsen.util: 0	:invoke	:echo	"Please echo 5"
2023-10-17 18:36:37,757{GMT}	INFO	[jepsen worker 0] jepsen.util: 0	:ok	:echo	{:msg_id 78, :in_reply_to 39, :type "echo_ok", :echo "Please echo 5"}
2023-10-17 18:36:38,118{GMT}	INFO	[jepsen worker 0] jepsen.util: 0	:invoke	:echo	"Please echo 4"
2023-10-17 18:36:38,122{GMT}	INFO	[jepsen worker 0] jepsen.util: 0	:ok	:echo	{:msg_id 80, :in_reply_to 40, :type "echo_ok", :echo "Please echo 4"}
2023-10-17 18:36:38,196{GMT}	INFO	[jepsen worker 0] jepsen.util: 0	:invoke	:echo	"Please echo 96"
2023-10-17 18:36:38,200{GMT}	INFO	[jepsen worker 0] jepsen.util: 0	:ok	:echo	{:msg_id 82, :in_reply_to 41, :type "echo_ok", :echo "Please echo 96"}
2023-10-17 18:36:38,431{GMT}	INFO	[jepsen worker 0] jepsen.util: 0	:invoke	:echo	"Please echo 35"
2023-10-17 18:36:38,434{GMT}	INFO	[jepsen worker 0] jepsen.util: 0	:ok	:echo	{:msg_id 84, :in_reply_to 42, :type "echo_ok", :echo "Please echo 35"}
2023-10-17 18:36:38,526{GMT}	INFO	[jepsen worker 0] jepsen.util: 0	:invoke	:echo	"Please echo 71"
2023-10-17 18:36:38,529{GMT}	INFO	[jepsen worker 0] jepsen.util: 0	:ok	:echo	{:msg_id 86, :in_reply_to 43, :type "echo_ok", :echo "Please echo 71"}
2023-10-17 18:36:38,736{GMT}	INFO	[jepsen worker 0] jepsen.util: 0	:invoke	:echo	"Please echo 20"
2023-10-17 18:36:38,739{GMT}	INFO	[jepsen worker 0] jepsen.util: 0	:ok	:echo	{:msg_id 88, :in_reply_to 44, :type "echo_ok", :echo "Please echo 20"}
2023-10-17 18:36:38,900{GMT}	INFO	[jepsen worker 0] jepsen.util: 0	:invoke	:echo	"Please echo 30"
2023-10-17 18:36:38,904{GMT}	INFO	[jepsen worker 0] jepsen.util: 0	:ok	:echo	{:msg_id 90, :in_reply_to 45, :type "echo_ok", :echo "Please echo 30"}
2023-10-17 18:36:38,915{GMT}	INFO	[jepsen worker 0] jepsen.util: 0	:invoke	:echo	"Please echo 4"
2023-10-17 18:36:38,919{GMT}	INFO	[jepsen worker 0] jepsen.util: 0	:ok	:echo	{:msg_id 92, :in_reply_to 46, :type "echo_ok", :echo "Please echo 4"}
2023-10-17 18:36:39,080{GMT}	INFO	[jepsen worker 0] jepsen.util: 0	:invoke	:echo	"Please echo 4"
2023-10-17 18:36:39,083{GMT}	INFO	[jepsen worker 0] jepsen.util: 0	:ok	:echo	{:msg_id 94, :in_reply_to 47, :type "echo_ok", :echo "Please echo 4"}
2023-10-17 18:36:39,384{GMT}	INFO	[jepsen worker 0] jepsen.util: 0	:invoke	:echo	"Please echo 56"
2023-10-17 18:36:39,388{GMT}	INFO	[jepsen worker 0] jepsen.util: 0	:ok	:echo	{:msg_id 96, :in_reply_to 48, :type "echo_ok", :echo "Please echo 56"}
2023-10-17 18:36:39,598{GMT}	INFO	[jepsen worker 0] jepsen.util: 0	:invoke	:echo	"Please echo 36"
2023-10-17 18:36:39,602{GMT}	INFO	[jepsen worker 0] jepsen.util: 0	:ok	:echo	{:msg_id 98, :in_reply_to 49, :type "echo_ok", :echo "Please echo 36"}
2023-10-17 18:36:39,705{GMT}	INFO	[jepsen worker 0] jepsen.util: 0	:invoke	:echo	"Please echo 25"
2023-10-17 18:36:39,708{GMT}	INFO	[jepsen worker 0] jepsen.util: 0	:ok	:echo	{:msg_id 100, :in_reply_to 50, :type "echo_ok", :echo "Please echo 25"}
2023-10-17 18:36:39,734{GMT}	INFO	[jepsen worker 0] jepsen.util: 0	:invoke	:echo	"Please echo 95"
2023-10-17 18:36:39,736{GMT}	INFO	[jepsen worker 0] jepsen.util: 0	:ok	:echo	{:msg_id 102, :in_reply_to 51, :type "echo_ok", :echo "Please echo 95"}
2023-10-17 18:36:39,965{GMT}	INFO	[jepsen worker 0] jepsen.util: 0	:invoke	:echo	"Please echo 51"
2023-10-17 18:36:39,968{GMT}	INFO	[jepsen worker 0] jepsen.util: 0	:ok	:echo	{:msg_id 104, :in_reply_to 52, :type "echo_ok", :echo "Please echo 51"}
2023-10-17 18:36:40,344{GMT}	INFO	[jepsen worker 0] jepsen.util: 0	:invoke	:echo	"Please echo 25"
2023-10-17 18:36:40,348{GMT}	INFO	[jepsen worker 0] jepsen.util: 0	:ok	:echo	{:msg_id 106, :in_reply_to 53, :type "echo_ok", :echo "Please echo 25"}
2023-10-17 18:36:40,502{GMT}	INFO	[jepsen worker 0] jepsen.util: 0	:invoke	:echo	"Please echo 105"
2023-10-17 18:36:40,507{GMT}	INFO	[jepsen worker 0] jepsen.util: 0	:ok	:echo	{:msg_id 108, :in_reply_to 54, :type "echo_ok", :echo "Please echo 105"}
2023-10-17 18:36:40,658{GMT}	INFO	[jepsen worker 0] jepsen.util: 0	:invoke	:echo	"Please echo 123"
2023-10-17 18:36:40,661{GMT}	INFO	[jepsen worker 0] jepsen.util: 0	:ok	:echo	{:msg_id 110, :in_reply_to 55, :type "echo_ok", :echo "Please echo 123"}
2023-10-17 18:36:40,703{GMT}	INFO	[jepsen test runner] jepsen.core: Run complete, writing
2023-10-17 18:36:40,775{GMT}	INFO	[jepsen node n0] maelstrom.db: Tearing down n0
2023-10-17 18:36:42,639{GMT}	INFO	[jepsen node n0] maelstrom.net: Shutting down Maelstrom network
2023-10-17 18:36:42,641{GMT}	INFO	[jepsen test runner] jepsen.core: Analyzing...
2023-10-17 18:36:42,906{GMT}	INFO	[jepsen test runner] jepsen.core: Analysis complete
2023-10-17 18:36:42,923{GMT}	INFO	[jepsen results] jepsen.store: Wrote /home/timolinn/deark/fly-io-gossip-gloomers/rust/maelstrom-echo/store/echo/20231017T183626.304+0200/results.edn
2023-10-17 18:36:42,970{GMT}	INFO	[jepsen test runner] jepsen.core: {:perf {:latency-graph {:valid? true},
        :rate-graph {:valid? true},
        :valid? true},
 :timeline {:valid? true},
 :exceptions {:valid? true},
 :stats {:valid? true,
         :count 55,
         :ok-count 55,
         :fail-count 0,
         :info-count 0,
         :by-f {:echo {:valid? true,
                       :count 55,
                       :ok-count 55,
                       :fail-count 0,
                       :info-count 0}}},
 :availability {:valid? true, :ok-fraction 1.0},
 :net {:all {:send-count 112,
             :recv-count 112,
             :msg-count 112,
             :msgs-per-op 2.0363636},
       :clients {:send-count 112, :recv-count 112, :msg-count 112},
       :servers {:send-count 0,
                 :recv-count 0,
                 :msg-count 0,
                 :msgs-per-op 0.0},
       :valid? true},
 :workload {:valid? true, :errors ()},
 :valid? true}


Everything looks good! ヽ(‘ー`)ノ
