2023-10-17 18:34:24,866{GMT}	INFO	[jepsen test runner] jepsen.core: Command line:
lein run test -w echo --bin ./target/debug/maelstrom-echo --node-count 1 --time-limit 10
2023-10-17 18:34:25,009{GMT}	INFO	[jepsen test runner] jepsen.core: Running test:
{:args []
 :remote
 #jepsen.control.retry.Remote{:remote #jepsen.control.scp.Remote{:cmd-remote #jepsen.control.sshj.SSHJRemote{:concurrency-limit 6,
                                                                                                             :conn-spec nil,
                                                                                                             :client nil,
                                                                                                             :semaphore nil},
                                                                 :conn-spec nil},
                              :conn nil}
 :log-net-send false
 :node-count 1
 :availability nil
 :max-txn-length 4
 :concurrency 1
 :db
 #object[maelstrom.db$db$reify__16142
         "0x11736ebc"
         "maelstrom.db$db$reify__16142@11736ebc"]
 :max-writes-per-key 16
 :leave-db-running? false
 :name "echo"
 :logging-json? false
 :start-time
 #object[org.joda.time.DateTime "0x50a1c2f3" "2023-10-17T18:34:24.837+02:00"]
 :nemesis-interval 10
 :net
 #object[maelstrom.net$jepsen_net$reify__15251
         "0x453ca7f"
         "maelstrom.net$jepsen_net$reify__15251@453ca7f"]
 :client
 #object[maelstrom.workload.echo$client$reify__16863
         "0x5d41b929"
         "maelstrom.workload.echo$client$reify__16863@5d41b929"]
 :barrier
 #object[java.util.concurrent.CyclicBarrier
         "0x6dd0e2f4"
         "java.util.concurrent.CyclicBarrier@6dd0e2f4"]
 :log-stderr false
 :pure-generators true
 :ssh {:dummy? true}
 :rate 5
 :checker
 #object[jepsen.checker$compose$reify__11881
         "0x333813e7"
         "jepsen.checker$compose$reify__11881@333813e7"]
 :argv
 ("test"
  "-w"
  "echo"
  "--bin"
  "./target/debug/maelstrom-echo"
  "--node-count"
  "1"
  "--time-limit"
  "10")
 :nemesis
 (jepsen.nemesis.ReflCompose
  {:fm {:start-partition 0,
        :stop-partition 0,
        :kill 1,
        :start 1,
        :pause 1,
        :resume 1},
   :nemeses [#unprintable "jepsen.nemesis.combined$partition_nemesis$reify__16416@292237cd"
             #unprintable "jepsen.nemesis.combined$db_nemesis$reify__16397@797a5b31"]})
 :nodes ["n0"]
 :test-count 1
 :latency {:mean 0, :dist :constant}
 :bin "./target/debug/maelstrom-echo"
 :generator
 (jepsen.generator.TimeLimit
  {:limit 10000000000,
   :cutoff nil,
   :gen (jepsen.generator.Any
         {:gens [(jepsen.generator.OnThreads
                  {:f #{:nemesis},
                   :context-filter #object[jepsen.generator.context$make_thread_filter$lazy_filter__9167
                                           "0xd7645b2"
                                           "jepsen.generator.context$make_thread_filter$lazy_filter__9167@d7645b2"],
                   :gen nil})
                 (jepsen.generator.OnThreads
                  {:f #jepsen.generator.context.AllBut{:element :nemesis},
                   :context-filter #object[jepsen.generator.context$make_thread_filter$lazy_filter__9167
                                           "0x72e4905c"
                                           "jepsen.generator.context$make_thread_filter$lazy_filter__9167@72e4905c"],
                   :gen (jepsen.generator.Stagger
                         {:dt 400000000,
                          :next-time nil,
                          :gen (jepsen.generator.EachThread
                                {:fresh-gen #object[maelstrom.workload.echo$workload$fn__16882
                                                    "0x279b83ea"
                                                    "maelstrom.workload.echo$workload$fn__16882@279b83ea"],
                                 :context-filters #object[clojure.core$promise$reify__8591
                                                          "0x7f9083b4"
                                                          {:status :pending,
                                                           :val nil}],
                                 :gens {}})})})]})})
 :log-net-recv false
 :os
 #object[maelstrom.net$jepsen_os$reify__15254
         "0x40f40221"
         "maelstrom.net$jepsen_os$reify__15254@40f40221"]
 :time-limit 10
 :workload :echo
 :consistency-models [:strict-serializable]
 :topology :grid}

2023-10-17 18:34:28,915{GMT}	INFO	[jepsen node n0] maelstrom.net: Starting Maelstrom network
2023-10-17 18:34:28,916{GMT}	INFO	[jepsen test runner] jepsen.db: Tearing down DB
2023-10-17 18:34:28,919{GMT}	INFO	[jepsen test runner] jepsen.db: Setting up DB
2023-10-17 18:34:28,923{GMT}	INFO	[jepsen node n0] maelstrom.service: Starting services: (lin-kv lin-tso lww-kv seq-kv)
2023-10-17 18:34:28,926{GMT}	INFO	[jepsen node n0] maelstrom.db: Setting up n0
2023-10-17 18:34:28,927{GMT}	INFO	[jepsen node n0] maelstrom.process: launching ./target/debug/maelstrom-echo []
2023-10-17 18:34:28,966{GMT}	INFO	[jepsen test runner] jepsen.core: Relative time begins now
2023-10-17 18:34:28,992{GMT}	INFO	[jepsen worker 0] jepsen.util: 0	:invoke	:echo	"Please echo 47"
2023-10-17 18:34:29,042{GMT}	WARN	[jepsen worker 0] jepsen.generator.interpreter: Process 0 crashed
clojure.lang.ExceptionInfo: Malformed RPC response. Maelstrom sent node n0 the following request:

{:echo "Please echo 47", :type "echo", :msg_id 1}

And expected a response of the form:

{:type (eq "echo_ok"), :echo Any, {:k :msg_id} Int, :in_reply_to Int}

... but instead received

{:msg_id 2, :in_reply_to 1, :type "echo", :echo "Please echo 47"}

This is malformed because:

{:type (not (= "echo_ok" "echo"))}

See doc/protocol.md for more guidance.
	at slingshot.support$stack_trace.invoke(support.clj:201)
	at maelstrom.client$check_body.invokeStatic(client.clj:188)
	at maelstrom.client$check_body.invoke(client.clj:181)
	at maelstrom.workload.echo$fn__16852$echo_BANG___16853.invoke(echo.clj:15)
	at maelstrom.workload.echo$fn__16852$echo_BANG___16853.invoke(echo.clj:15)
	at maelstrom.workload.echo$client$reify__16863.invoke_BANG_(echo.clj:36)
	at jepsen.client.Validate.invoke_BANG_(client.clj:83)
	at jepsen.generator.interpreter.ClientWorker.invoke_BANG_(interpreter.clj:65)
	at jepsen.generator.interpreter$spawn_worker$fn__12908$fn__12909.invoke(interpreter.clj:140)
	at jepsen.generator.interpreter$spawn_worker$fn__12908.invoke(interpreter.clj:123)
	at clojure.core$binding_conveyor_fn$fn__5823.invoke(core.clj:2047)
	at clojure.lang.AFn.call(AFn.java:18)
	at java.base/java.util.concurrent.FutureTask.run(FutureTask.java:264)
	at java.base/java.util.concurrent.ThreadPoolExecutor.runWorker(ThreadPoolExecutor.java:1136)
	at java.base/java.util.concurrent.ThreadPoolExecutor$Worker.run(ThreadPoolExecutor.java:635)
	at java.base/java.lang.Thread.run(Thread.java:833)
2023-10-17 18:34:29,376{GMT}	INFO	[jepsen worker 0] jepsen.util: 1	:invoke	:echo	"Please echo 36"
2023-10-17 18:34:29,418{GMT}	WARN	[jepsen worker 0] jepsen.generator.interpreter: Process 1 crashed
clojure.lang.ExceptionInfo: Malformed RPC response. Maelstrom sent node n0 the following request:

{:echo "Please echo 36", :type "echo", :msg_id 1}

And expected a response of the form:

{:type (eq "echo_ok"), :echo Any, {:k :msg_id} Int, :in_reply_to Int}

... but instead received

{:msg_id 4, :in_reply_to 1, :type "echo", :echo "Please echo 36"}

This is malformed because:

{:type (not (= "echo_ok" "echo"))}

See doc/protocol.md for more guidance.
	at slingshot.support$stack_trace.invoke(support.clj:201)
	at maelstrom.client$check_body.invokeStatic(client.clj:188)
	at maelstrom.client$check_body.invoke(client.clj:181)
	at maelstrom.workload.echo$fn__16852$echo_BANG___16853.invoke(echo.clj:15)
	at maelstrom.workload.echo$fn__16852$echo_BANG___16853.invoke(echo.clj:15)
	at maelstrom.workload.echo$client$reify__16863.invoke_BANG_(echo.clj:36)
	at jepsen.client.Validate.invoke_BANG_(client.clj:83)
	at jepsen.generator.interpreter.ClientWorker.invoke_BANG_(interpreter.clj:65)
	at jepsen.generator.interpreter$spawn_worker$fn__12908$fn__12909.invoke(interpreter.clj:140)
	at jepsen.generator.interpreter$spawn_worker$fn__12908.invoke(interpreter.clj:123)
	at clojure.core$binding_conveyor_fn$fn__5823.invoke(core.clj:2047)
	at clojure.lang.AFn.call(AFn.java:18)
	at java.base/java.util.concurrent.FutureTask.run(FutureTask.java:264)
	at java.base/java.util.concurrent.ThreadPoolExecutor.runWorker(ThreadPoolExecutor.java:1136)
	at java.base/java.util.concurrent.ThreadPoolExecutor$Worker.run(ThreadPoolExecutor.java:635)
	at java.base/java.lang.Thread.run(Thread.java:833)
2023-10-17 18:34:29,420{GMT}	INFO	[jepsen worker 0] jepsen.util: 2	:invoke	:echo	"Please echo 28"
2023-10-17 18:34:29,437{GMT}	WARN	[jepsen worker 0] jepsen.generator.interpreter: Process 2 crashed
clojure.lang.ExceptionInfo: Malformed RPC response. Maelstrom sent node n0 the following request:

{:echo "Please echo 28", :type "echo", :msg_id 1}

And expected a response of the form:

{:type (eq "echo_ok"), :echo Any, {:k :msg_id} Int, :in_reply_to Int}

... but instead received

{:msg_id 6, :in_reply_to 1, :type "echo", :echo "Please echo 28"}

This is malformed because:

{:type (not (= "echo_ok" "echo"))}

See doc/protocol.md for more guidance.
	at slingshot.support$stack_trace.invoke(support.clj:201)
	at maelstrom.client$check_body.invokeStatic(client.clj:188)
	at maelstrom.client$check_body.invoke(client.clj:181)
	at maelstrom.workload.echo$fn__16852$echo_BANG___16853.invoke(echo.clj:15)
	at maelstrom.workload.echo$fn__16852$echo_BANG___16853.invoke(echo.clj:15)
	at maelstrom.workload.echo$client$reify__16863.invoke_BANG_(echo.clj:36)
	at jepsen.client.Validate.invoke_BANG_(client.clj:83)
	at jepsen.generator.interpreter.ClientWorker.invoke_BANG_(interpreter.clj:65)
	at jepsen.generator.interpreter$spawn_worker$fn__12908$fn__12909.invoke(interpreter.clj:140)
	at jepsen.generator.interpreter$spawn_worker$fn__12908.invoke(interpreter.clj:123)
	at clojure.core$binding_conveyor_fn$fn__5823.invoke(core.clj:2047)
	at clojure.lang.AFn.call(AFn.java:18)
	at java.base/java.util.concurrent.FutureTask.run(FutureTask.java:264)
	at java.base/java.util.concurrent.ThreadPoolExecutor.runWorker(ThreadPoolExecutor.java:1136)
	at java.base/java.util.concurrent.ThreadPoolExecutor$Worker.run(ThreadPoolExecutor.java:635)
	at java.base/java.lang.Thread.run(Thread.java:833)
2023-10-17 18:34:29,461{GMT}	INFO	[jepsen worker 0] jepsen.util: 3	:invoke	:echo	"Please echo 26"
2023-10-17 18:34:29,486{GMT}	WARN	[jepsen worker 0] jepsen.generator.interpreter: Process 3 crashed
clojure.lang.ExceptionInfo: Malformed RPC response. Maelstrom sent node n0 the following request:

{:echo "Please echo 26", :type "echo", :msg_id 1}

And expected a response of the form:

{:type (eq "echo_ok"), :echo Any, {:k :msg_id} Int, :in_reply_to Int}

... but instead received

{:msg_id 8, :in_reply_to 1, :type "echo", :echo "Please echo 26"}

This is malformed because:

{:type (not (= "echo_ok" "echo"))}

See doc/protocol.md for more guidance.
	at slingshot.support$stack_trace.invoke(support.clj:201)
	at maelstrom.client$check_body.invokeStatic(client.clj:188)
	at maelstrom.client$check_body.invoke(client.clj:181)
	at maelstrom.workload.echo$fn__16852$echo_BANG___16853.invoke(echo.clj:15)
	at maelstrom.workload.echo$fn__16852$echo_BANG___16853.invoke(echo.clj:15)
	at maelstrom.workload.echo$client$reify__16863.invoke_BANG_(echo.clj:36)
	at jepsen.client.Validate.invoke_BANG_(client.clj:83)
	at jepsen.generator.interpreter.ClientWorker.invoke_BANG_(interpreter.clj:65)
	at jepsen.generator.interpreter$spawn_worker$fn__12908$fn__12909.invoke(interpreter.clj:140)
	at jepsen.generator.interpreter$spawn_worker$fn__12908.invoke(interpreter.clj:123)
	at clojure.core$binding_conveyor_fn$fn__5823.invoke(core.clj:2047)
	at clojure.lang.AFn.call(AFn.java:18)
	at java.base/java.util.concurrent.FutureTask.run(FutureTask.java:264)
	at java.base/java.util.concurrent.ThreadPoolExecutor.runWorker(ThreadPoolExecutor.java:1136)
	at java.base/java.util.concurrent.ThreadPoolExecutor$Worker.run(ThreadPoolExecutor.java:635)
	at java.base/java.lang.Thread.run(Thread.java:833)
2023-10-17 18:34:29,626{GMT}	INFO	[jepsen worker 0] jepsen.util: 4	:invoke	:echo	"Please echo 73"
2023-10-17 18:34:29,638{GMT}	WARN	[jepsen worker 0] jepsen.generator.interpreter: Process 4 crashed
clojure.lang.ExceptionInfo: Malformed RPC response. Maelstrom sent node n0 the following request:

{:echo "Please echo 73", :type "echo", :msg_id 1}

And expected a response of the form:

{:type (eq "echo_ok"), :echo Any, {:k :msg_id} Int, :in_reply_to Int}

... but instead received

{:msg_id 10, :in_reply_to 1, :type "echo", :echo "Please echo 73"}

This is malformed because:

{:type (not (= "echo_ok" "echo"))}

See doc/protocol.md for more guidance.
	at slingshot.support$stack_trace.invoke(support.clj:201)
	at maelstrom.client$check_body.invokeStatic(client.clj:188)
	at maelstrom.client$check_body.invoke(client.clj:181)
	at maelstrom.workload.echo$fn__16852$echo_BANG___16853.invoke(echo.clj:15)
	at maelstrom.workload.echo$fn__16852$echo_BANG___16853.invoke(echo.clj:15)
	at maelstrom.workload.echo$client$reify__16863.invoke_BANG_(echo.clj:36)
	at jepsen.client.Validate.invoke_BANG_(client.clj:83)
	at jepsen.generator.interpreter.ClientWorker.invoke_BANG_(interpreter.clj:65)
	at jepsen.generator.interpreter$spawn_worker$fn__12908$fn__12909.invoke(interpreter.clj:140)
	at jepsen.generator.interpreter$spawn_worker$fn__12908.invoke(interpreter.clj:123)
	at clojure.core$binding_conveyor_fn$fn__5823.invoke(core.clj:2047)
	at clojure.lang.AFn.call(AFn.java:18)
	at java.base/java.util.concurrent.FutureTask.run(FutureTask.java:264)
	at java.base/java.util.concurrent.ThreadPoolExecutor.runWorker(ThreadPoolExecutor.java:1136)
	at java.base/java.util.concurrent.ThreadPoolExecutor$Worker.run(ThreadPoolExecutor.java:635)
	at java.base/java.lang.Thread.run(Thread.java:833)
2023-10-17 18:34:29,682{GMT}	INFO	[jepsen worker 0] jepsen.util: 5	:invoke	:echo	"Please echo 88"
2023-10-17 18:34:29,702{GMT}	WARN	[jepsen worker 0] jepsen.generator.interpreter: Process 5 crashed
clojure.lang.ExceptionInfo: Malformed RPC response. Maelstrom sent node n0 the following request:

{:echo "Please echo 88", :type "echo", :msg_id 1}

And expected a response of the form:

{:type (eq "echo_ok"), :echo Any, {:k :msg_id} Int, :in_reply_to Int}

... but instead received

{:msg_id 12, :in_reply_to 1, :type "echo", :echo "Please echo 88"}

This is malformed because:

{:type (not (= "echo_ok" "echo"))}

See doc/protocol.md for more guidance.
	at slingshot.support$stack_trace.invoke(support.clj:201)
	at maelstrom.client$check_body.invokeStatic(client.clj:188)
	at maelstrom.client$check_body.invoke(client.clj:181)
	at maelstrom.workload.echo$fn__16852$echo_BANG___16853.invoke(echo.clj:15)
	at maelstrom.workload.echo$fn__16852$echo_BANG___16853.invoke(echo.clj:15)
	at maelstrom.workload.echo$client$reify__16863.invoke_BANG_(echo.clj:36)
	at jepsen.client.Validate.invoke_BANG_(client.clj:83)
	at jepsen.generator.interpreter.ClientWorker.invoke_BANG_(interpreter.clj:65)
	at jepsen.generator.interpreter$spawn_worker$fn__12908$fn__12909.invoke(interpreter.clj:140)
	at jepsen.generator.interpreter$spawn_worker$fn__12908.invoke(interpreter.clj:123)
	at clojure.core$binding_conveyor_fn$fn__5823.invoke(core.clj:2047)
	at clojure.lang.AFn.call(AFn.java:18)
	at java.base/java.util.concurrent.FutureTask.run(FutureTask.java:264)
	at java.base/java.util.concurrent.ThreadPoolExecutor.runWorker(ThreadPoolExecutor.java:1136)
	at java.base/java.util.concurrent.ThreadPoolExecutor$Worker.run(ThreadPoolExecutor.java:635)
	at java.base/java.lang.Thread.run(Thread.java:833)
2023-10-17 18:34:29,704{GMT}	INFO	[jepsen worker 0] jepsen.util: 6	:invoke	:echo	"Please echo 78"
2023-10-17 18:34:29,722{GMT}	WARN	[jepsen worker 0] jepsen.generator.interpreter: Process 6 crashed
clojure.lang.ExceptionInfo: Malformed RPC response. Maelstrom sent node n0 the following request:

{:echo "Please echo 78", :type "echo", :msg_id 1}

And expected a response of the form:

{:type (eq "echo_ok"), :echo Any, {:k :msg_id} Int, :in_reply_to Int}

... but instead received

{:msg_id 14, :in_reply_to 1, :type "echo", :echo "Please echo 78"}

This is malformed because:

{:type (not (= "echo_ok" "echo"))}

See doc/protocol.md for more guidance.
	at slingshot.support$stack_trace.invoke(support.clj:201)
	at maelstrom.client$check_body.invokeStatic(client.clj:188)
	at maelstrom.client$check_body.invoke(client.clj:181)
	at maelstrom.workload.echo$fn__16852$echo_BANG___16853.invoke(echo.clj:15)
	at maelstrom.workload.echo$fn__16852$echo_BANG___16853.invoke(echo.clj:15)
	at maelstrom.workload.echo$client$reify__16863.invoke_BANG_(echo.clj:36)
	at jepsen.client.Validate.invoke_BANG_(client.clj:83)
	at jepsen.generator.interpreter.ClientWorker.invoke_BANG_(interpreter.clj:65)
	at jepsen.generator.interpreter$spawn_worker$fn__12908$fn__12909.invoke(interpreter.clj:140)
	at jepsen.generator.interpreter$spawn_worker$fn__12908.invoke(interpreter.clj:123)
	at clojure.core$binding_conveyor_fn$fn__5823.invoke(core.clj:2047)
	at clojure.lang.AFn.call(AFn.java:18)
	at java.base/java.util.concurrent.FutureTask.run(FutureTask.java:264)
	at java.base/java.util.concurrent.ThreadPoolExecutor.runWorker(ThreadPoolExecutor.java:1136)
	at java.base/java.util.concurrent.ThreadPoolExecutor$Worker.run(ThreadPoolExecutor.java:635)
	at java.base/java.lang.Thread.run(Thread.java:833)
2023-10-17 18:34:29,724{GMT}	INFO	[jepsen worker 0] jepsen.util: 7	:invoke	:echo	"Please echo 51"
2023-10-17 18:34:29,743{GMT}	WARN	[jepsen worker 0] jepsen.generator.interpreter: Process 7 crashed
clojure.lang.ExceptionInfo: Malformed RPC response. Maelstrom sent node n0 the following request:

{:echo "Please echo 51", :type "echo", :msg_id 1}

And expected a response of the form:

{:type (eq "echo_ok"), :echo Any, {:k :msg_id} Int, :in_reply_to Int}

... but instead received

{:msg_id 16, :in_reply_to 1, :type "echo", :echo "Please echo 51"}

This is malformed because:

{:type (not (= "echo_ok" "echo"))}

See doc/protocol.md for more guidance.
	at slingshot.support$stack_trace.invoke(support.clj:201)
	at maelstrom.client$check_body.invokeStatic(client.clj:188)
	at maelstrom.client$check_body.invoke(client.clj:181)
	at maelstrom.workload.echo$fn__16852$echo_BANG___16853.invoke(echo.clj:15)
	at maelstrom.workload.echo$fn__16852$echo_BANG___16853.invoke(echo.clj:15)
	at maelstrom.workload.echo$client$reify__16863.invoke_BANG_(echo.clj:36)
	at jepsen.client.Validate.invoke_BANG_(client.clj:83)
	at jepsen.generator.interpreter.ClientWorker.invoke_BANG_(interpreter.clj:65)
	at jepsen.generator.interpreter$spawn_worker$fn__12908$fn__12909.invoke(interpreter.clj:140)
	at jepsen.generator.interpreter$spawn_worker$fn__12908.invoke(interpreter.clj:123)
	at clojure.core$binding_conveyor_fn$fn__5823.invoke(core.clj:2047)
	at clojure.lang.AFn.call(AFn.java:18)
	at java.base/java.util.concurrent.FutureTask.run(FutureTask.java:264)
	at java.base/java.util.concurrent.ThreadPoolExecutor.runWorker(ThreadPoolExecutor.java:1136)
	at java.base/java.util.concurrent.ThreadPoolExecutor$Worker.run(ThreadPoolExecutor.java:635)
	at java.base/java.lang.Thread.run(Thread.java:833)
2023-10-17 18:34:30,116{GMT}	INFO	[jepsen worker 0] jepsen.util: 8	:invoke	:echo	"Please echo 12"
2023-10-17 18:34:30,144{GMT}	WARN	[jepsen worker 0] jepsen.generator.interpreter: Process 8 crashed
clojure.lang.ExceptionInfo: Malformed RPC response. Maelstrom sent node n0 the following request:

{:echo "Please echo 12", :type "echo", :msg_id 1}

And expected a response of the form:

{:type (eq "echo_ok"), :echo Any, {:k :msg_id} Int, :in_reply_to Int}

... but instead received

{:msg_id 18, :in_reply_to 1, :type "echo", :echo "Please echo 12"}

This is malformed because:

{:type (not (= "echo_ok" "echo"))}

See doc/protocol.md for more guidance.
	at slingshot.support$stack_trace.invoke(support.clj:201)
	at maelstrom.client$check_body.invokeStatic(client.clj:188)
	at maelstrom.client$check_body.invoke(client.clj:181)
	at maelstrom.workload.echo$fn__16852$echo_BANG___16853.invoke(echo.clj:15)
	at maelstrom.workload.echo$fn__16852$echo_BANG___16853.invoke(echo.clj:15)
	at maelstrom.workload.echo$client$reify__16863.invoke_BANG_(echo.clj:36)
	at jepsen.client.Validate.invoke_BANG_(client.clj:83)
	at jepsen.generator.interpreter.ClientWorker.invoke_BANG_(interpreter.clj:65)
	at jepsen.generator.interpreter$spawn_worker$fn__12908$fn__12909.invoke(interpreter.clj:140)
	at jepsen.generator.interpreter$spawn_worker$fn__12908.invoke(interpreter.clj:123)
	at clojure.core$binding_conveyor_fn$fn__5823.invoke(core.clj:2047)
	at clojure.lang.AFn.call(AFn.java:18)
	at java.base/java.util.concurrent.FutureTask.run(FutureTask.java:264)
	at java.base/java.util.concurrent.ThreadPoolExecutor.runWorker(ThreadPoolExecutor.java:1136)
	at java.base/java.util.concurrent.ThreadPoolExecutor$Worker.run(ThreadPoolExecutor.java:635)
	at java.base/java.lang.Thread.run(Thread.java:833)
2023-10-17 18:34:30,507{GMT}	INFO	[jepsen worker 0] jepsen.util: 9	:invoke	:echo	"Please echo 21"
2023-10-17 18:34:30,535{GMT}	WARN	[jepsen worker 0] jepsen.generator.interpreter: Process 9 crashed
clojure.lang.ExceptionInfo: Malformed RPC response. Maelstrom sent node n0 the following request:

{:echo "Please echo 21", :type "echo", :msg_id 1}

And expected a response of the form:

{:type (eq "echo_ok"), :echo Any, {:k :msg_id} Int, :in_reply_to Int}

... but instead received

{:msg_id 20, :in_reply_to 1, :type "echo", :echo "Please echo 21"}

This is malformed because:

{:type (not (= "echo_ok" "echo"))}

See doc/protocol.md for more guidance.
	at slingshot.support$stack_trace.invoke(support.clj:201)
	at maelstrom.client$check_body.invokeStatic(client.clj:188)
	at maelstrom.client$check_body.invoke(client.clj:181)
	at maelstrom.workload.echo$fn__16852$echo_BANG___16853.invoke(echo.clj:15)
	at maelstrom.workload.echo$fn__16852$echo_BANG___16853.invoke(echo.clj:15)
	at maelstrom.workload.echo$client$reify__16863.invoke_BANG_(echo.clj:36)
	at jepsen.client.Validate.invoke_BANG_(client.clj:83)
	at jepsen.generator.interpreter.ClientWorker.invoke_BANG_(interpreter.clj:65)
	at jepsen.generator.interpreter$spawn_worker$fn__12908$fn__12909.invoke(interpreter.clj:140)
	at jepsen.generator.interpreter$spawn_worker$fn__12908.invoke(interpreter.clj:123)
	at clojure.core$binding_conveyor_fn$fn__5823.invoke(core.clj:2047)
	at clojure.lang.AFn.call(AFn.java:18)
	at java.base/java.util.concurrent.FutureTask.run(FutureTask.java:264)
	at java.base/java.util.concurrent.ThreadPoolExecutor.runWorker(ThreadPoolExecutor.java:1136)
	at java.base/java.util.concurrent.ThreadPoolExecutor$Worker.run(ThreadPoolExecutor.java:635)
	at java.base/java.lang.Thread.run(Thread.java:833)
2023-10-17 18:34:30,667{GMT}	INFO	[jepsen worker 0] jepsen.util: 10	:invoke	:echo	"Please echo 75"
2023-10-17 18:34:30,682{GMT}	WARN	[jepsen worker 0] jepsen.generator.interpreter: Process 10 crashed
clojure.lang.ExceptionInfo: Malformed RPC response. Maelstrom sent node n0 the following request:

{:echo "Please echo 75", :type "echo", :msg_id 1}

And expected a response of the form:

{:type (eq "echo_ok"), :echo Any, {:k :msg_id} Int, :in_reply_to Int}

... but instead received

{:msg_id 22, :in_reply_to 1, :type "echo", :echo "Please echo 75"}

This is malformed because:

{:type (not (= "echo_ok" "echo"))}

See doc/protocol.md for more guidance.
	at slingshot.support$stack_trace.invoke(support.clj:201)
	at maelstrom.client$check_body.invokeStatic(client.clj:188)
	at maelstrom.client$check_body.invoke(client.clj:181)
	at maelstrom.workload.echo$fn__16852$echo_BANG___16853.invoke(echo.clj:15)
	at maelstrom.workload.echo$fn__16852$echo_BANG___16853.invoke(echo.clj:15)
	at maelstrom.workload.echo$client$reify__16863.invoke_BANG_(echo.clj:36)
	at jepsen.client.Validate.invoke_BANG_(client.clj:83)
	at jepsen.generator.interpreter.ClientWorker.invoke_BANG_(interpreter.clj:65)
	at jepsen.generator.interpreter$spawn_worker$fn__12908$fn__12909.invoke(interpreter.clj:140)
	at jepsen.generator.interpreter$spawn_worker$fn__12908.invoke(interpreter.clj:123)
	at clojure.core$binding_conveyor_fn$fn__5823.invoke(core.clj:2047)
	at clojure.lang.AFn.call(AFn.java:18)
	at java.base/java.util.concurrent.FutureTask.run(FutureTask.java:264)
	at java.base/java.util.concurrent.ThreadPoolExecutor.runWorker(ThreadPoolExecutor.java:1136)
	at java.base/java.util.concurrent.ThreadPoolExecutor$Worker.run(ThreadPoolExecutor.java:635)
	at java.base/java.lang.Thread.run(Thread.java:833)
2023-10-17 18:34:30,684{GMT}	INFO	[jepsen worker 0] jepsen.util: 11	:invoke	:echo	"Please echo 114"
2023-10-17 18:34:30,699{GMT}	WARN	[jepsen worker 0] jepsen.generator.interpreter: Process 11 crashed
clojure.lang.ExceptionInfo: Malformed RPC response. Maelstrom sent node n0 the following request:

{:echo "Please echo 114", :type "echo", :msg_id 1}

And expected a response of the form:

{:type (eq "echo_ok"), :echo Any, {:k :msg_id} Int, :in_reply_to Int}

... but instead received

{:msg_id 24, :in_reply_to 1, :type "echo", :echo "Please echo 114"}

This is malformed because:

{:type (not (= "echo_ok" "echo"))}

See doc/protocol.md for more guidance.
	at slingshot.support$stack_trace.invoke(support.clj:201)
	at maelstrom.client$check_body.invokeStatic(client.clj:188)
	at maelstrom.client$check_body.invoke(client.clj:181)
	at maelstrom.workload.echo$fn__16852$echo_BANG___16853.invoke(echo.clj:15)
	at maelstrom.workload.echo$fn__16852$echo_BANG___16853.invoke(echo.clj:15)
	at maelstrom.workload.echo$client$reify__16863.invoke_BANG_(echo.clj:36)
	at jepsen.client.Validate.invoke_BANG_(client.clj:83)
	at jepsen.generator.interpreter.ClientWorker.invoke_BANG_(interpreter.clj:65)
	at jepsen.generator.interpreter$spawn_worker$fn__12908$fn__12909.invoke(interpreter.clj:140)
	at jepsen.generator.interpreter$spawn_worker$fn__12908.invoke(interpreter.clj:123)
	at clojure.core$binding_conveyor_fn$fn__5823.invoke(core.clj:2047)
	at clojure.lang.AFn.call(AFn.java:18)
	at java.base/java.util.concurrent.FutureTask.run(FutureTask.java:264)
	at java.base/java.util.concurrent.ThreadPoolExecutor.runWorker(ThreadPoolExecutor.java:1136)
	at java.base/java.util.concurrent.ThreadPoolExecutor$Worker.run(ThreadPoolExecutor.java:635)
	at java.base/java.lang.Thread.run(Thread.java:833)
2023-10-17 18:34:31,066{GMT}	INFO	[jepsen worker 0] jepsen.util: 12	:invoke	:echo	"Please echo 20"
2023-10-17 18:34:31,081{GMT}	WARN	[jepsen worker 0] jepsen.generator.interpreter: Process 12 crashed
clojure.lang.ExceptionInfo: Malformed RPC response. Maelstrom sent node n0 the following request:

{:echo "Please echo 20", :type "echo", :msg_id 1}

And expected a response of the form:

{:type (eq "echo_ok"), :echo Any, {:k :msg_id} Int, :in_reply_to Int}

... but instead received

{:msg_id 26, :in_reply_to 1, :type "echo", :echo "Please echo 20"}

This is malformed because:

{:type (not (= "echo_ok" "echo"))}

See doc/protocol.md for more guidance.
	at slingshot.support$stack_trace.invoke(support.clj:201)
	at maelstrom.client$check_body.invokeStatic(client.clj:188)
	at maelstrom.client$check_body.invoke(client.clj:181)
	at maelstrom.workload.echo$fn__16852$echo_BANG___16853.invoke(echo.clj:15)
	at maelstrom.workload.echo$fn__16852$echo_BANG___16853.invoke(echo.clj:15)
	at maelstrom.workload.echo$client$reify__16863.invoke_BANG_(echo.clj:36)
	at jepsen.client.Validate.invoke_BANG_(client.clj:83)
	at jepsen.generator.interpreter.ClientWorker.invoke_BANG_(interpreter.clj:65)
	at jepsen.generator.interpreter$spawn_worker$fn__12908$fn__12909.invoke(interpreter.clj:140)
	at jepsen.generator.interpreter$spawn_worker$fn__12908.invoke(interpreter.clj:123)
	at clojure.core$binding_conveyor_fn$fn__5823.invoke(core.clj:2047)
	at clojure.lang.AFn.call(AFn.java:18)
	at java.base/java.util.concurrent.FutureTask.run(FutureTask.java:264)
	at java.base/java.util.concurrent.ThreadPoolExecutor.runWorker(ThreadPoolExecutor.java:1136)
	at java.base/java.util.concurrent.ThreadPoolExecutor$Worker.run(ThreadPoolExecutor.java:635)
	at java.base/java.lang.Thread.run(Thread.java:833)
2023-10-17 18:34:31,257{GMT}	INFO	[jepsen worker 0] jepsen.util: 13	:invoke	:echo	"Please echo 48"
2023-10-17 18:34:31,265{GMT}	WARN	[jepsen worker 0] jepsen.generator.interpreter: Process 13 crashed
clojure.lang.ExceptionInfo: Malformed RPC response. Maelstrom sent node n0 the following request:

{:echo "Please echo 48", :type "echo", :msg_id 1}

And expected a response of the form:

{:type (eq "echo_ok"), :echo Any, {:k :msg_id} Int, :in_reply_to Int}

... but instead received

{:msg_id 28, :in_reply_to 1, :type "echo", :echo "Please echo 48"}

This is malformed because:

{:type (not (= "echo_ok" "echo"))}

See doc/protocol.md for more guidance.
	at slingshot.support$stack_trace.invoke(support.clj:201)
	at maelstrom.client$check_body.invokeStatic(client.clj:188)
	at maelstrom.client$check_body.invoke(client.clj:181)
	at maelstrom.workload.echo$fn__16852$echo_BANG___16853.invoke(echo.clj:15)
	at maelstrom.workload.echo$fn__16852$echo_BANG___16853.invoke(echo.clj:15)
	at maelstrom.workload.echo$client$reify__16863.invoke_BANG_(echo.clj:36)
	at jepsen.client.Validate.invoke_BANG_(client.clj:83)
	at jepsen.generator.interpreter.ClientWorker.invoke_BANG_(interpreter.clj:65)
	at jepsen.generator.interpreter$spawn_worker$fn__12908$fn__12909.invoke(interpreter.clj:140)
	at jepsen.generator.interpreter$spawn_worker$fn__12908.invoke(interpreter.clj:123)
	at clojure.core$binding_conveyor_fn$fn__5823.invoke(core.clj:2047)
	at clojure.lang.AFn.call(AFn.java:18)
	at java.base/java.util.concurrent.FutureTask.run(FutureTask.java:264)
	at java.base/java.util.concurrent.ThreadPoolExecutor.runWorker(ThreadPoolExecutor.java:1136)
	at java.base/java.util.concurrent.ThreadPoolExecutor$Worker.run(ThreadPoolExecutor.java:635)
	at java.base/java.lang.Thread.run(Thread.java:833)
2023-10-17 18:34:31,656{GMT}	INFO	[jepsen worker 0] jepsen.util: 14	:invoke	:echo	"Please echo 77"
2023-10-17 18:34:31,664{GMT}	WARN	[jepsen worker 0] jepsen.generator.interpreter: Process 14 crashed
clojure.lang.ExceptionInfo: Malformed RPC response. Maelstrom sent node n0 the following request:

{:echo "Please echo 77", :type "echo", :msg_id 1}

And expected a response of the form:

{:type (eq "echo_ok"), :echo Any, {:k :msg_id} Int, :in_reply_to Int}

... but instead received

{:msg_id 30, :in_reply_to 1, :type "echo", :echo "Please echo 77"}

This is malformed because:

{:type (not (= "echo_ok" "echo"))}

See doc/protocol.md for more guidance.
	at slingshot.support$stack_trace.invoke(support.clj:201)
	at maelstrom.client$check_body.invokeStatic(client.clj:188)
	at maelstrom.client$check_body.invoke(client.clj:181)
	at maelstrom.workload.echo$fn__16852$echo_BANG___16853.invoke(echo.clj:15)
	at maelstrom.workload.echo$fn__16852$echo_BANG___16853.invoke(echo.clj:15)
	at maelstrom.workload.echo$client$reify__16863.invoke_BANG_(echo.clj:36)
	at jepsen.client.Validate.invoke_BANG_(client.clj:83)
	at jepsen.generator.interpreter.ClientWorker.invoke_BANG_(interpreter.clj:65)
	at jepsen.generator.interpreter$spawn_worker$fn__12908$fn__12909.invoke(interpreter.clj:140)
	at jepsen.generator.interpreter$spawn_worker$fn__12908.invoke(interpreter.clj:123)
	at clojure.core$binding_conveyor_fn$fn__5823.invoke(core.clj:2047)
	at clojure.lang.AFn.call(AFn.java:18)
	at java.base/java.util.concurrent.FutureTask.run(FutureTask.java:264)
	at java.base/java.util.concurrent.ThreadPoolExecutor.runWorker(ThreadPoolExecutor.java:1136)
	at java.base/java.util.concurrent.ThreadPoolExecutor$Worker.run(ThreadPoolExecutor.java:635)
	at java.base/java.lang.Thread.run(Thread.java:833)
2023-10-17 18:34:31,957{GMT}	INFO	[jepsen worker 0] jepsen.util: 15	:invoke	:echo	"Please echo 64"
2023-10-17 18:34:31,966{GMT}	WARN	[jepsen worker 0] jepsen.generator.interpreter: Process 15 crashed
clojure.lang.ExceptionInfo: Malformed RPC response. Maelstrom sent node n0 the following request:

{:echo "Please echo 64", :type "echo", :msg_id 1}

And expected a response of the form:

{:type (eq "echo_ok"), :echo Any, {:k :msg_id} Int, :in_reply_to Int}

... but instead received

{:msg_id 32, :in_reply_to 1, :type "echo", :echo "Please echo 64"}

This is malformed because:

{:type (not (= "echo_ok" "echo"))}

See doc/protocol.md for more guidance.
	at slingshot.support$stack_trace.invoke(support.clj:201)
	at maelstrom.client$check_body.invokeStatic(client.clj:188)
	at maelstrom.client$check_body.invoke(client.clj:181)
	at maelstrom.workload.echo$fn__16852$echo_BANG___16853.invoke(echo.clj:15)
	at maelstrom.workload.echo$fn__16852$echo_BANG___16853.invoke(echo.clj:15)
	at maelstrom.workload.echo$client$reify__16863.invoke_BANG_(echo.clj:36)
	at jepsen.client.Validate.invoke_BANG_(client.clj:83)
	at jepsen.generator.interpreter.ClientWorker.invoke_BANG_(interpreter.clj:65)
	at jepsen.generator.interpreter$spawn_worker$fn__12908$fn__12909.invoke(interpreter.clj:140)
	at jepsen.generator.interpreter$spawn_worker$fn__12908.invoke(interpreter.clj:123)
	at clojure.core$binding_conveyor_fn$fn__5823.invoke(core.clj:2047)
	at clojure.lang.AFn.call(AFn.java:18)
	at java.base/java.util.concurrent.FutureTask.run(FutureTask.java:264)
	at java.base/java.util.concurrent.ThreadPoolExecutor.runWorker(ThreadPoolExecutor.java:1136)
	at java.base/java.util.concurrent.ThreadPoolExecutor$Worker.run(ThreadPoolExecutor.java:635)
	at java.base/java.lang.Thread.run(Thread.java:833)
2023-10-17 18:34:32,241{GMT}	INFO	[jepsen worker 0] jepsen.util: 16	:invoke	:echo	"Please echo 52"
2023-10-17 18:34:32,260{GMT}	WARN	[jepsen worker 0] jepsen.generator.interpreter: Process 16 crashed
clojure.lang.ExceptionInfo: Malformed RPC response. Maelstrom sent node n0 the following request:

{:echo "Please echo 52", :type "echo", :msg_id 1}

And expected a response of the form:

{:type (eq "echo_ok"), :echo Any, {:k :msg_id} Int, :in_reply_to Int}

... but instead received

{:msg_id 34, :in_reply_to 1, :type "echo", :echo "Please echo 52"}

This is malformed because:

{:type (not (= "echo_ok" "echo"))}

See doc/protocol.md for more guidance.
	at slingshot.support$stack_trace.invoke(support.clj:201)
	at maelstrom.client$check_body.invokeStatic(client.clj:188)
	at maelstrom.client$check_body.invoke(client.clj:181)
	at maelstrom.workload.echo$fn__16852$echo_BANG___16853.invoke(echo.clj:15)
	at maelstrom.workload.echo$fn__16852$echo_BANG___16853.invoke(echo.clj:15)
	at maelstrom.workload.echo$client$reify__16863.invoke_BANG_(echo.clj:36)
	at jepsen.client.Validate.invoke_BANG_(client.clj:83)
	at jepsen.generator.interpreter.ClientWorker.invoke_BANG_(interpreter.clj:65)
	at jepsen.generator.interpreter$spawn_worker$fn__12908$fn__12909.invoke(interpreter.clj:140)
	at jepsen.generator.interpreter$spawn_worker$fn__12908.invoke(interpreter.clj:123)
	at clojure.core$binding_conveyor_fn$fn__5823.invoke(core.clj:2047)
	at clojure.lang.AFn.call(AFn.java:18)
	at java.base/java.util.concurrent.FutureTask.run(FutureTask.java:264)
	at java.base/java.util.concurrent.ThreadPoolExecutor.runWorker(ThreadPoolExecutor.java:1136)
	at java.base/java.util.concurrent.ThreadPoolExecutor$Worker.run(ThreadPoolExecutor.java:635)
	at java.base/java.lang.Thread.run(Thread.java:833)
2023-10-17 18:34:32,615{GMT}	INFO	[jepsen worker 0] jepsen.util: 17	:invoke	:echo	"Please echo 99"
2023-10-17 18:34:32,624{GMT}	WARN	[jepsen worker 0] jepsen.generator.interpreter: Process 17 crashed
clojure.lang.ExceptionInfo: Malformed RPC response. Maelstrom sent node n0 the following request:

{:echo "Please echo 99", :type "echo", :msg_id 1}

And expected a response of the form:

{:type (eq "echo_ok"), :echo Any, {:k :msg_id} Int, :in_reply_to Int}

... but instead received

{:msg_id 36, :in_reply_to 1, :type "echo", :echo "Please echo 99"}

This is malformed because:

{:type (not (= "echo_ok" "echo"))}

See doc/protocol.md for more guidance.
	at slingshot.support$stack_trace.invoke(support.clj:201)
	at maelstrom.client$check_body.invokeStatic(client.clj:188)
	at maelstrom.client$check_body.invoke(client.clj:181)
	at maelstrom.workload.echo$fn__16852$echo_BANG___16853.invoke(echo.clj:15)
	at maelstrom.workload.echo$fn__16852$echo_BANG___16853.invoke(echo.clj:15)
	at maelstrom.workload.echo$client$reify__16863.invoke_BANG_(echo.clj:36)
	at jepsen.client.Validate.invoke_BANG_(client.clj:83)
	at jepsen.generator.interpreter.ClientWorker.invoke_BANG_(interpreter.clj:65)
	at jepsen.generator.interpreter$spawn_worker$fn__12908$fn__12909.invoke(interpreter.clj:140)
	at jepsen.generator.interpreter$spawn_worker$fn__12908.invoke(interpreter.clj:123)
	at clojure.core$binding_conveyor_fn$fn__5823.invoke(core.clj:2047)
	at clojure.lang.AFn.call(AFn.java:18)
	at java.base/java.util.concurrent.FutureTask.run(FutureTask.java:264)
	at java.base/java.util.concurrent.ThreadPoolExecutor.runWorker(ThreadPoolExecutor.java:1136)
	at java.base/java.util.concurrent.ThreadPoolExecutor$Worker.run(ThreadPoolExecutor.java:635)
	at java.base/java.lang.Thread.run(Thread.java:833)
2023-10-17 18:34:32,870{GMT}	INFO	[jepsen worker 0] jepsen.util: 18	:invoke	:echo	"Please echo 116"
2023-10-17 18:34:32,891{GMT}	WARN	[jepsen worker 0] jepsen.generator.interpreter: Process 18 crashed
clojure.lang.ExceptionInfo: Malformed RPC response. Maelstrom sent node n0 the following request:

{:echo "Please echo 116", :type "echo", :msg_id 1}

And expected a response of the form:

{:type (eq "echo_ok"), :echo Any, {:k :msg_id} Int, :in_reply_to Int}

... but instead received

{:msg_id 38, :in_reply_to 1, :type "echo", :echo "Please echo 116"}

This is malformed because:

{:type (not (= "echo_ok" "echo"))}

See doc/protocol.md for more guidance.
	at slingshot.support$stack_trace.invoke(support.clj:201)
	at maelstrom.client$check_body.invokeStatic(client.clj:188)
	at maelstrom.client$check_body.invoke(client.clj:181)
	at maelstrom.workload.echo$fn__16852$echo_BANG___16853.invoke(echo.clj:15)
	at maelstrom.workload.echo$fn__16852$echo_BANG___16853.invoke(echo.clj:15)
	at maelstrom.workload.echo$client$reify__16863.invoke_BANG_(echo.clj:36)
	at jepsen.client.Validate.invoke_BANG_(client.clj:83)
	at jepsen.generator.interpreter.ClientWorker.invoke_BANG_(interpreter.clj:65)
	at jepsen.generator.interpreter$spawn_worker$fn__12908$fn__12909.invoke(interpreter.clj:140)
	at jepsen.generator.interpreter$spawn_worker$fn__12908.invoke(interpreter.clj:123)
	at clojure.core$binding_conveyor_fn$fn__5823.invoke(core.clj:2047)
	at clojure.lang.AFn.call(AFn.java:18)
	at java.base/java.util.concurrent.FutureTask.run(FutureTask.java:264)
	at java.base/java.util.concurrent.ThreadPoolExecutor.runWorker(ThreadPoolExecutor.java:1136)
	at java.base/java.util.concurrent.ThreadPoolExecutor$Worker.run(ThreadPoolExecutor.java:635)
	at java.base/java.lang.Thread.run(Thread.java:833)
2023-10-17 18:34:33,259{GMT}	INFO	[jepsen worker 0] jepsen.util: 19	:invoke	:echo	"Please echo 27"
2023-10-17 18:34:33,282{GMT}	WARN	[jepsen worker 0] jepsen.generator.interpreter: Process 19 crashed
clojure.lang.ExceptionInfo: Malformed RPC response. Maelstrom sent node n0 the following request:

{:echo "Please echo 27", :type "echo", :msg_id 1}

And expected a response of the form:

{:type (eq "echo_ok"), :echo Any, {:k :msg_id} Int, :in_reply_to Int}

... but instead received

{:msg_id 40, :in_reply_to 1, :type "echo", :echo "Please echo 27"}

This is malformed because:

{:type (not (= "echo_ok" "echo"))}

See doc/protocol.md for more guidance.
	at slingshot.support$stack_trace.invoke(support.clj:201)
	at maelstrom.client$check_body.invokeStatic(client.clj:188)
	at maelstrom.client$check_body.invoke(client.clj:181)
	at maelstrom.workload.echo$fn__16852$echo_BANG___16853.invoke(echo.clj:15)
	at maelstrom.workload.echo$fn__16852$echo_BANG___16853.invoke(echo.clj:15)
	at maelstrom.workload.echo$client$reify__16863.invoke_BANG_(echo.clj:36)
	at jepsen.client.Validate.invoke_BANG_(client.clj:83)
	at jepsen.generator.interpreter.ClientWorker.invoke_BANG_(interpreter.clj:65)
	at jepsen.generator.interpreter$spawn_worker$fn__12908$fn__12909.invoke(interpreter.clj:140)
	at jepsen.generator.interpreter$spawn_worker$fn__12908.invoke(interpreter.clj:123)
	at clojure.core$binding_conveyor_fn$fn__5823.invoke(core.clj:2047)
	at clojure.lang.AFn.call(AFn.java:18)
	at java.base/java.util.concurrent.FutureTask.run(FutureTask.java:264)
	at java.base/java.util.concurrent.ThreadPoolExecutor.runWorker(ThreadPoolExecutor.java:1136)
	at java.base/java.util.concurrent.ThreadPoolExecutor$Worker.run(ThreadPoolExecutor.java:635)
	at java.base/java.lang.Thread.run(Thread.java:833)
2023-10-17 18:34:33,411{GMT}	INFO	[jepsen worker 0] jepsen.util: 20	:invoke	:echo	"Please echo 112"
2023-10-17 18:34:33,426{GMT}	WARN	[jepsen worker 0] jepsen.generator.interpreter: Process 20 crashed
clojure.lang.ExceptionInfo: Malformed RPC response. Maelstrom sent node n0 the following request:

{:echo "Please echo 112", :type "echo", :msg_id 1}

And expected a response of the form:

{:type (eq "echo_ok"), :echo Any, {:k :msg_id} Int, :in_reply_to Int}

... but instead received

{:msg_id 42, :in_reply_to 1, :type "echo", :echo "Please echo 112"}

This is malformed because:

{:type (not (= "echo_ok" "echo"))}

See doc/protocol.md for more guidance.
	at slingshot.support$stack_trace.invoke(support.clj:201)
	at maelstrom.client$check_body.invokeStatic(client.clj:188)
	at maelstrom.client$check_body.invoke(client.clj:181)
	at maelstrom.workload.echo$fn__16852$echo_BANG___16853.invoke(echo.clj:15)
	at maelstrom.workload.echo$fn__16852$echo_BANG___16853.invoke(echo.clj:15)
	at maelstrom.workload.echo$client$reify__16863.invoke_BANG_(echo.clj:36)
	at jepsen.client.Validate.invoke_BANG_(client.clj:83)
	at jepsen.generator.interpreter.ClientWorker.invoke_BANG_(interpreter.clj:65)
	at jepsen.generator.interpreter$spawn_worker$fn__12908$fn__12909.invoke(interpreter.clj:140)
	at jepsen.generator.interpreter$spawn_worker$fn__12908.invoke(interpreter.clj:123)
	at clojure.core$binding_conveyor_fn$fn__5823.invoke(core.clj:2047)
	at clojure.lang.AFn.call(AFn.java:18)
	at java.base/java.util.concurrent.FutureTask.run(FutureTask.java:264)
	at java.base/java.util.concurrent.ThreadPoolExecutor.runWorker(ThreadPoolExecutor.java:1136)
	at java.base/java.util.concurrent.ThreadPoolExecutor$Worker.run(ThreadPoolExecutor.java:635)
	at java.base/java.lang.Thread.run(Thread.java:833)
2023-10-17 18:34:33,641{GMT}	INFO	[jepsen worker 0] jepsen.util: 21	:invoke	:echo	"Please echo 67"
2023-10-17 18:34:33,655{GMT}	WARN	[jepsen worker 0] jepsen.generator.interpreter: Process 21 crashed
clojure.lang.ExceptionInfo: Malformed RPC response. Maelstrom sent node n0 the following request:

{:echo "Please echo 67", :type "echo", :msg_id 1}

And expected a response of the form:

{:type (eq "echo_ok"), :echo Any, {:k :msg_id} Int, :in_reply_to Int}

... but instead received

{:msg_id 44, :in_reply_to 1, :type "echo", :echo "Please echo 67"}

This is malformed because:

{:type (not (= "echo_ok" "echo"))}

See doc/protocol.md for more guidance.
	at slingshot.support$stack_trace.invoke(support.clj:201)
	at maelstrom.client$check_body.invokeStatic(client.clj:188)
	at maelstrom.client$check_body.invoke(client.clj:181)
	at maelstrom.workload.echo$fn__16852$echo_BANG___16853.invoke(echo.clj:15)
	at maelstrom.workload.echo$fn__16852$echo_BANG___16853.invoke(echo.clj:15)
	at maelstrom.workload.echo$client$reify__16863.invoke_BANG_(echo.clj:36)
	at jepsen.client.Validate.invoke_BANG_(client.clj:83)
	at jepsen.generator.interpreter.ClientWorker.invoke_BANG_(interpreter.clj:65)
	at jepsen.generator.interpreter$spawn_worker$fn__12908$fn__12909.invoke(interpreter.clj:140)
	at jepsen.generator.interpreter$spawn_worker$fn__12908.invoke(interpreter.clj:123)
	at clojure.core$binding_conveyor_fn$fn__5823.invoke(core.clj:2047)
	at clojure.lang.AFn.call(AFn.java:18)
	at java.base/java.util.concurrent.FutureTask.run(FutureTask.java:264)
	at java.base/java.util.concurrent.ThreadPoolExecutor.runWorker(ThreadPoolExecutor.java:1136)
	at java.base/java.util.concurrent.ThreadPoolExecutor$Worker.run(ThreadPoolExecutor.java:635)
	at java.base/java.lang.Thread.run(Thread.java:833)
2023-10-17 18:34:33,969{GMT}	INFO	[jepsen worker 0] jepsen.util: 22	:invoke	:echo	"Please echo 39"
2023-10-17 18:34:33,983{GMT}	WARN	[jepsen worker 0] jepsen.generator.interpreter: Process 22 crashed
clojure.lang.ExceptionInfo: Malformed RPC response. Maelstrom sent node n0 the following request:

{:echo "Please echo 39", :type "echo", :msg_id 1}

And expected a response of the form:

{:type (eq "echo_ok"), :echo Any, {:k :msg_id} Int, :in_reply_to Int}

... but instead received

{:msg_id 46, :in_reply_to 1, :type "echo", :echo "Please echo 39"}

This is malformed because:

{:type (not (= "echo_ok" "echo"))}

See doc/protocol.md for more guidance.
	at slingshot.support$stack_trace.invoke(support.clj:201)
	at maelstrom.client$check_body.invokeStatic(client.clj:188)
	at maelstrom.client$check_body.invoke(client.clj:181)
	at maelstrom.workload.echo$fn__16852$echo_BANG___16853.invoke(echo.clj:15)
	at maelstrom.workload.echo$fn__16852$echo_BANG___16853.invoke(echo.clj:15)
	at maelstrom.workload.echo$client$reify__16863.invoke_BANG_(echo.clj:36)
	at jepsen.client.Validate.invoke_BANG_(client.clj:83)
	at jepsen.generator.interpreter.ClientWorker.invoke_BANG_(interpreter.clj:65)
	at jepsen.generator.interpreter$spawn_worker$fn__12908$fn__12909.invoke(interpreter.clj:140)
	at jepsen.generator.interpreter$spawn_worker$fn__12908.invoke(interpreter.clj:123)
	at clojure.core$binding_conveyor_fn$fn__5823.invoke(core.clj:2047)
	at clojure.lang.AFn.call(AFn.java:18)
	at java.base/java.util.concurrent.FutureTask.run(FutureTask.java:264)
	at java.base/java.util.concurrent.ThreadPoolExecutor.runWorker(ThreadPoolExecutor.java:1136)
	at java.base/java.util.concurrent.ThreadPoolExecutor$Worker.run(ThreadPoolExecutor.java:635)
	at java.base/java.lang.Thread.run(Thread.java:833)
2023-10-17 18:34:34,258{GMT}	INFO	[jepsen worker 0] jepsen.util: 23	:invoke	:echo	"Please echo 38"
2023-10-17 18:34:34,280{GMT}	WARN	[jepsen worker 0] jepsen.generator.interpreter: Process 23 crashed
clojure.lang.ExceptionInfo: Malformed RPC response. Maelstrom sent node n0 the following request:

{:echo "Please echo 38", :type "echo", :msg_id 1}

And expected a response of the form:

{:type (eq "echo_ok"), :echo Any, {:k :msg_id} Int, :in_reply_to Int}

... but instead received

{:msg_id 48, :in_reply_to 1, :type "echo", :echo "Please echo 38"}

This is malformed because:

{:type (not (= "echo_ok" "echo"))}

See doc/protocol.md for more guidance.
	at slingshot.support$stack_trace.invoke(support.clj:201)
	at maelstrom.client$check_body.invokeStatic(client.clj:188)
	at maelstrom.client$check_body.invoke(client.clj:181)
	at maelstrom.workload.echo$fn__16852$echo_BANG___16853.invoke(echo.clj:15)
	at maelstrom.workload.echo$fn__16852$echo_BANG___16853.invoke(echo.clj:15)
	at maelstrom.workload.echo$client$reify__16863.invoke_BANG_(echo.clj:36)
	at jepsen.client.Validate.invoke_BANG_(client.clj:83)
	at jepsen.generator.interpreter.ClientWorker.invoke_BANG_(interpreter.clj:65)
	at jepsen.generator.interpreter$spawn_worker$fn__12908$fn__12909.invoke(interpreter.clj:140)
	at jepsen.generator.interpreter$spawn_worker$fn__12908.invoke(interpreter.clj:123)
	at clojure.core$binding_conveyor_fn$fn__5823.invoke(core.clj:2047)
	at clojure.lang.AFn.call(AFn.java:18)
	at java.base/java.util.concurrent.FutureTask.run(FutureTask.java:264)
	at java.base/java.util.concurrent.ThreadPoolExecutor.runWorker(ThreadPoolExecutor.java:1136)
	at java.base/java.util.concurrent.ThreadPoolExecutor$Worker.run(ThreadPoolExecutor.java:635)
	at java.base/java.lang.Thread.run(Thread.java:833)
2023-10-17 18:34:34,409{GMT}	INFO	[jepsen worker 0] jepsen.util: 24	:invoke	:echo	"Please echo 48"
2023-10-17 18:34:34,427{GMT}	WARN	[jepsen worker 0] jepsen.generator.interpreter: Process 24 crashed
clojure.lang.ExceptionInfo: Malformed RPC response. Maelstrom sent node n0 the following request:

{:echo "Please echo 48", :type "echo", :msg_id 1}

And expected a response of the form:

{:type (eq "echo_ok"), :echo Any, {:k :msg_id} Int, :in_reply_to Int}

... but instead received

{:msg_id 50, :in_reply_to 1, :type "echo", :echo "Please echo 48"}

This is malformed because:

{:type (not (= "echo_ok" "echo"))}

See doc/protocol.md for more guidance.
	at slingshot.support$stack_trace.invoke(support.clj:201)
	at maelstrom.client$check_body.invokeStatic(client.clj:188)
	at maelstrom.client$check_body.invoke(client.clj:181)
	at maelstrom.workload.echo$fn__16852$echo_BANG___16853.invoke(echo.clj:15)
	at maelstrom.workload.echo$fn__16852$echo_BANG___16853.invoke(echo.clj:15)
	at maelstrom.workload.echo$client$reify__16863.invoke_BANG_(echo.clj:36)
	at jepsen.client.Validate.invoke_BANG_(client.clj:83)
	at jepsen.generator.interpreter.ClientWorker.invoke_BANG_(interpreter.clj:65)
	at jepsen.generator.interpreter$spawn_worker$fn__12908$fn__12909.invoke(interpreter.clj:140)
	at jepsen.generator.interpreter$spawn_worker$fn__12908.invoke(interpreter.clj:123)
	at clojure.core$binding_conveyor_fn$fn__5823.invoke(core.clj:2047)
	at clojure.lang.AFn.call(AFn.java:18)
	at java.base/java.util.concurrent.FutureTask.run(FutureTask.java:264)
	at java.base/java.util.concurrent.ThreadPoolExecutor.runWorker(ThreadPoolExecutor.java:1136)
	at java.base/java.util.concurrent.ThreadPoolExecutor$Worker.run(ThreadPoolExecutor.java:635)
	at java.base/java.lang.Thread.run(Thread.java:833)
2023-10-17 18:34:34,526{GMT}	INFO	[jepsen worker 0] jepsen.util: 25	:invoke	:echo	"Please echo 34"
2023-10-17 18:34:34,539{GMT}	WARN	[jepsen worker 0] jepsen.generator.interpreter: Process 25 crashed
clojure.lang.ExceptionInfo: Malformed RPC response. Maelstrom sent node n0 the following request:

{:echo "Please echo 34", :type "echo", :msg_id 1}

And expected a response of the form:

{:type (eq "echo_ok"), :echo Any, {:k :msg_id} Int, :in_reply_to Int}

... but instead received

{:msg_id 52, :in_reply_to 1, :type "echo", :echo "Please echo 34"}

This is malformed because:

{:type (not (= "echo_ok" "echo"))}

See doc/protocol.md for more guidance.
	at slingshot.support$stack_trace.invoke(support.clj:201)
	at maelstrom.client$check_body.invokeStatic(client.clj:188)
	at maelstrom.client$check_body.invoke(client.clj:181)
	at maelstrom.workload.echo$fn__16852$echo_BANG___16853.invoke(echo.clj:15)
	at maelstrom.workload.echo$fn__16852$echo_BANG___16853.invoke(echo.clj:15)
	at maelstrom.workload.echo$client$reify__16863.invoke_BANG_(echo.clj:36)
	at jepsen.client.Validate.invoke_BANG_(client.clj:83)
	at jepsen.generator.interpreter.ClientWorker.invoke_BANG_(interpreter.clj:65)
	at jepsen.generator.interpreter$spawn_worker$fn__12908$fn__12909.invoke(interpreter.clj:140)
	at jepsen.generator.interpreter$spawn_worker$fn__12908.invoke(interpreter.clj:123)
	at clojure.core$binding_conveyor_fn$fn__5823.invoke(core.clj:2047)
	at clojure.lang.AFn.call(AFn.java:18)
	at java.base/java.util.concurrent.FutureTask.run(FutureTask.java:264)
	at java.base/java.util.concurrent.ThreadPoolExecutor.runWorker(ThreadPoolExecutor.java:1136)
	at java.base/java.util.concurrent.ThreadPoolExecutor$Worker.run(ThreadPoolExecutor.java:635)
	at java.base/java.lang.Thread.run(Thread.java:833)
2023-10-17 18:34:34,841{GMT}	INFO	[jepsen worker 0] jepsen.util: 26	:invoke	:echo	"Please echo 63"
2023-10-17 18:34:34,864{GMT}	WARN	[jepsen worker 0] jepsen.generator.interpreter: Process 26 crashed
clojure.lang.ExceptionInfo: Malformed RPC response. Maelstrom sent node n0 the following request:

{:echo "Please echo 63", :type "echo", :msg_id 1}

And expected a response of the form:

{:type (eq "echo_ok"), :echo Any, {:k :msg_id} Int, :in_reply_to Int}

... but instead received

{:msg_id 54, :in_reply_to 1, :type "echo", :echo "Please echo 63"}

This is malformed because:

{:type (not (= "echo_ok" "echo"))}

See doc/protocol.md for more guidance.
	at slingshot.support$stack_trace.invoke(support.clj:201)
	at maelstrom.client$check_body.invokeStatic(client.clj:188)
	at maelstrom.client$check_body.invoke(client.clj:181)
	at maelstrom.workload.echo$fn__16852$echo_BANG___16853.invoke(echo.clj:15)
	at maelstrom.workload.echo$fn__16852$echo_BANG___16853.invoke(echo.clj:15)
	at maelstrom.workload.echo$client$reify__16863.invoke_BANG_(echo.clj:36)
	at jepsen.client.Validate.invoke_BANG_(client.clj:83)
	at jepsen.generator.interpreter.ClientWorker.invoke_BANG_(interpreter.clj:65)
	at jepsen.generator.interpreter$spawn_worker$fn__12908$fn__12909.invoke(interpreter.clj:140)
	at jepsen.generator.interpreter$spawn_worker$fn__12908.invoke(interpreter.clj:123)
	at clojure.core$binding_conveyor_fn$fn__5823.invoke(core.clj:2047)
	at clojure.lang.AFn.call(AFn.java:18)
	at java.base/java.util.concurrent.FutureTask.run(FutureTask.java:264)
	at java.base/java.util.concurrent.ThreadPoolExecutor.runWorker(ThreadPoolExecutor.java:1136)
	at java.base/java.util.concurrent.ThreadPoolExecutor$Worker.run(ThreadPoolExecutor.java:635)
	at java.base/java.lang.Thread.run(Thread.java:833)
2023-10-17 18:34:35,134{GMT}	INFO	[jepsen worker 0] jepsen.util: 27	:invoke	:echo	"Please echo 68"
2023-10-17 18:34:35,159{GMT}	WARN	[jepsen worker 0] jepsen.generator.interpreter: Process 27 crashed
clojure.lang.ExceptionInfo: Malformed RPC response. Maelstrom sent node n0 the following request:

{:echo "Please echo 68", :type "echo", :msg_id 1}

And expected a response of the form:

{:type (eq "echo_ok"), :echo Any, {:k :msg_id} Int, :in_reply_to Int}

... but instead received

{:msg_id 56, :in_reply_to 1, :type "echo", :echo "Please echo 68"}

This is malformed because:

{:type (not (= "echo_ok" "echo"))}

See doc/protocol.md for more guidance.
	at slingshot.support$stack_trace.invoke(support.clj:201)
	at maelstrom.client$check_body.invokeStatic(client.clj:188)
	at maelstrom.client$check_body.invoke(client.clj:181)
	at maelstrom.workload.echo$fn__16852$echo_BANG___16853.invoke(echo.clj:15)
	at maelstrom.workload.echo$fn__16852$echo_BANG___16853.invoke(echo.clj:15)
	at maelstrom.workload.echo$client$reify__16863.invoke_BANG_(echo.clj:36)
	at jepsen.client.Validate.invoke_BANG_(client.clj:83)
	at jepsen.generator.interpreter.ClientWorker.invoke_BANG_(interpreter.clj:65)
	at jepsen.generator.interpreter$spawn_worker$fn__12908$fn__12909.invoke(interpreter.clj:140)
	at jepsen.generator.interpreter$spawn_worker$fn__12908.invoke(interpreter.clj:123)
	at clojure.core$binding_conveyor_fn$fn__5823.invoke(core.clj:2047)
	at clojure.lang.AFn.call(AFn.java:18)
	at java.base/java.util.concurrent.FutureTask.run(FutureTask.java:264)
	at java.base/java.util.concurrent.ThreadPoolExecutor.runWorker(ThreadPoolExecutor.java:1136)
	at java.base/java.util.concurrent.ThreadPoolExecutor$Worker.run(ThreadPoolExecutor.java:635)
	at java.base/java.lang.Thread.run(Thread.java:833)
2023-10-17 18:34:35,327{GMT}	INFO	[jepsen worker 0] jepsen.util: 28	:invoke	:echo	"Please echo 60"
2023-10-17 18:34:35,348{GMT}	WARN	[jepsen worker 0] jepsen.generator.interpreter: Process 28 crashed
clojure.lang.ExceptionInfo: Malformed RPC response. Maelstrom sent node n0 the following request:

{:echo "Please echo 60", :type "echo", :msg_id 1}

And expected a response of the form:

{:type (eq "echo_ok"), :echo Any, {:k :msg_id} Int, :in_reply_to Int}

... but instead received

{:msg_id 58, :in_reply_to 1, :type "echo", :echo "Please echo 60"}

This is malformed because:

{:type (not (= "echo_ok" "echo"))}

See doc/protocol.md for more guidance.
	at slingshot.support$stack_trace.invoke(support.clj:201)
	at maelstrom.client$check_body.invokeStatic(client.clj:188)
	at maelstrom.client$check_body.invoke(client.clj:181)
	at maelstrom.workload.echo$fn__16852$echo_BANG___16853.invoke(echo.clj:15)
	at maelstrom.workload.echo$fn__16852$echo_BANG___16853.invoke(echo.clj:15)
	at maelstrom.workload.echo$client$reify__16863.invoke_BANG_(echo.clj:36)
	at jepsen.client.Validate.invoke_BANG_(client.clj:83)
	at jepsen.generator.interpreter.ClientWorker.invoke_BANG_(interpreter.clj:65)
	at jepsen.generator.interpreter$spawn_worker$fn__12908$fn__12909.invoke(interpreter.clj:140)
	at jepsen.generator.interpreter$spawn_worker$fn__12908.invoke(interpreter.clj:123)
	at clojure.core$binding_conveyor_fn$fn__5823.invoke(core.clj:2047)
	at clojure.lang.AFn.call(AFn.java:18)
	at java.base/java.util.concurrent.FutureTask.run(FutureTask.java:264)
	at java.base/java.util.concurrent.ThreadPoolExecutor.runWorker(ThreadPoolExecutor.java:1136)
	at java.base/java.util.concurrent.ThreadPoolExecutor$Worker.run(ThreadPoolExecutor.java:635)
	at java.base/java.lang.Thread.run(Thread.java:833)
2023-10-17 18:34:35,522{GMT}	INFO	[jepsen worker 0] jepsen.util: 29	:invoke	:echo	"Please echo 1"
2023-10-17 18:34:35,547{GMT}	WARN	[jepsen worker 0] jepsen.generator.interpreter: Process 29 crashed
clojure.lang.ExceptionInfo: Malformed RPC response. Maelstrom sent node n0 the following request:

{:echo "Please echo 1", :type "echo", :msg_id 1}

And expected a response of the form:

{:type (eq "echo_ok"), :echo Any, {:k :msg_id} Int, :in_reply_to Int}

... but instead received

{:msg_id 60, :in_reply_to 1, :type "echo", :echo "Please echo 1"}

This is malformed because:

{:type (not (= "echo_ok" "echo"))}

See doc/protocol.md for more guidance.
	at slingshot.support$stack_trace.invoke(support.clj:201)
	at maelstrom.client$check_body.invokeStatic(client.clj:188)
	at maelstrom.client$check_body.invoke(client.clj:181)
	at maelstrom.workload.echo$fn__16852$echo_BANG___16853.invoke(echo.clj:15)
	at maelstrom.workload.echo$fn__16852$echo_BANG___16853.invoke(echo.clj:15)
	at maelstrom.workload.echo$client$reify__16863.invoke_BANG_(echo.clj:36)
	at jepsen.client.Validate.invoke_BANG_(client.clj:83)
	at jepsen.generator.interpreter.ClientWorker.invoke_BANG_(interpreter.clj:65)
	at jepsen.generator.interpreter$spawn_worker$fn__12908$fn__12909.invoke(interpreter.clj:140)
	at jepsen.generator.interpreter$spawn_worker$fn__12908.invoke(interpreter.clj:123)
	at clojure.core$binding_conveyor_fn$fn__5823.invoke(core.clj:2047)
	at clojure.lang.AFn.call(AFn.java:18)
	at java.base/java.util.concurrent.FutureTask.run(FutureTask.java:264)
	at java.base/java.util.concurrent.ThreadPoolExecutor.runWorker(ThreadPoolExecutor.java:1136)
	at java.base/java.util.concurrent.ThreadPoolExecutor$Worker.run(ThreadPoolExecutor.java:635)
	at java.base/java.lang.Thread.run(Thread.java:833)
2023-10-17 18:34:35,791{GMT}	INFO	[jepsen worker 0] jepsen.util: 30	:invoke	:echo	"Please echo 81"
2023-10-17 18:34:35,812{GMT}	WARN	[jepsen worker 0] jepsen.generator.interpreter: Process 30 crashed
clojure.lang.ExceptionInfo: Malformed RPC response. Maelstrom sent node n0 the following request:

{:echo "Please echo 81", :type "echo", :msg_id 1}

And expected a response of the form:

{:type (eq "echo_ok"), :echo Any, {:k :msg_id} Int, :in_reply_to Int}

... but instead received

{:msg_id 62, :in_reply_to 1, :type "echo", :echo "Please echo 81"}

This is malformed because:

{:type (not (= "echo_ok" "echo"))}

See doc/protocol.md for more guidance.
	at slingshot.support$stack_trace.invoke(support.clj:201)
	at maelstrom.client$check_body.invokeStatic(client.clj:188)
	at maelstrom.client$check_body.invoke(client.clj:181)
	at maelstrom.workload.echo$fn__16852$echo_BANG___16853.invoke(echo.clj:15)
	at maelstrom.workload.echo$fn__16852$echo_BANG___16853.invoke(echo.clj:15)
	at maelstrom.workload.echo$client$reify__16863.invoke_BANG_(echo.clj:36)
	at jepsen.client.Validate.invoke_BANG_(client.clj:83)
	at jepsen.generator.interpreter.ClientWorker.invoke_BANG_(interpreter.clj:65)
	at jepsen.generator.interpreter$spawn_worker$fn__12908$fn__12909.invoke(interpreter.clj:140)
	at jepsen.generator.interpreter$spawn_worker$fn__12908.invoke(interpreter.clj:123)
	at clojure.core$binding_conveyor_fn$fn__5823.invoke(core.clj:2047)
	at clojure.lang.AFn.call(AFn.java:18)
	at java.base/java.util.concurrent.FutureTask.run(FutureTask.java:264)
	at java.base/java.util.concurrent.ThreadPoolExecutor.runWorker(ThreadPoolExecutor.java:1136)
	at java.base/java.util.concurrent.ThreadPoolExecutor$Worker.run(ThreadPoolExecutor.java:635)
	at java.base/java.lang.Thread.run(Thread.java:833)
2023-10-17 18:34:35,857{GMT}	INFO	[jepsen worker 0] jepsen.util: 31	:invoke	:echo	"Please echo 28"
2023-10-17 18:34:35,876{GMT}	WARN	[jepsen worker 0] jepsen.generator.interpreter: Process 31 crashed
clojure.lang.ExceptionInfo: Malformed RPC response. Maelstrom sent node n0 the following request:

{:echo "Please echo 28", :type "echo", :msg_id 1}

And expected a response of the form:

{:type (eq "echo_ok"), :echo Any, {:k :msg_id} Int, :in_reply_to Int}

... but instead received

{:msg_id 64, :in_reply_to 1, :type "echo", :echo "Please echo 28"}

This is malformed because:

{:type (not (= "echo_ok" "echo"))}

See doc/protocol.md for more guidance.
	at slingshot.support$stack_trace.invoke(support.clj:201)
	at maelstrom.client$check_body.invokeStatic(client.clj:188)
	at maelstrom.client$check_body.invoke(client.clj:181)
	at maelstrom.workload.echo$fn__16852$echo_BANG___16853.invoke(echo.clj:15)
	at maelstrom.workload.echo$fn__16852$echo_BANG___16853.invoke(echo.clj:15)
	at maelstrom.workload.echo$client$reify__16863.invoke_BANG_(echo.clj:36)
	at jepsen.client.Validate.invoke_BANG_(client.clj:83)
	at jepsen.generator.interpreter.ClientWorker.invoke_BANG_(interpreter.clj:65)
	at jepsen.generator.interpreter$spawn_worker$fn__12908$fn__12909.invoke(interpreter.clj:140)
	at jepsen.generator.interpreter$spawn_worker$fn__12908.invoke(interpreter.clj:123)
	at clojure.core$binding_conveyor_fn$fn__5823.invoke(core.clj:2047)
	at clojure.lang.AFn.call(AFn.java:18)
	at java.base/java.util.concurrent.FutureTask.run(FutureTask.java:264)
	at java.base/java.util.concurrent.ThreadPoolExecutor.runWorker(ThreadPoolExecutor.java:1136)
	at java.base/java.util.concurrent.ThreadPoolExecutor$Worker.run(ThreadPoolExecutor.java:635)
	at java.base/java.lang.Thread.run(Thread.java:833)
2023-10-17 18:34:36,001{GMT}	INFO	[jepsen worker 0] jepsen.util: 32	:invoke	:echo	"Please echo 121"
2023-10-17 18:34:36,020{GMT}	WARN	[jepsen worker 0] jepsen.generator.interpreter: Process 32 crashed
clojure.lang.ExceptionInfo: Malformed RPC response. Maelstrom sent node n0 the following request:

{:echo "Please echo 121", :type "echo", :msg_id 1}

And expected a response of the form:

{:type (eq "echo_ok"), :echo Any, {:k :msg_id} Int, :in_reply_to Int}

... but instead received

{:msg_id 66, :in_reply_to 1, :type "echo", :echo "Please echo 121"}

This is malformed because:

{:type (not (= "echo_ok" "echo"))}

See doc/protocol.md for more guidance.
	at slingshot.support$stack_trace.invoke(support.clj:201)
	at maelstrom.client$check_body.invokeStatic(client.clj:188)
	at maelstrom.client$check_body.invoke(client.clj:181)
	at maelstrom.workload.echo$fn__16852$echo_BANG___16853.invoke(echo.clj:15)
	at maelstrom.workload.echo$fn__16852$echo_BANG___16853.invoke(echo.clj:15)
	at maelstrom.workload.echo$client$reify__16863.invoke_BANG_(echo.clj:36)
	at jepsen.client.Validate.invoke_BANG_(client.clj:83)
	at jepsen.generator.interpreter.ClientWorker.invoke_BANG_(interpreter.clj:65)
	at jepsen.generator.interpreter$spawn_worker$fn__12908$fn__12909.invoke(interpreter.clj:140)
	at jepsen.generator.interpreter$spawn_worker$fn__12908.invoke(interpreter.clj:123)
	at clojure.core$binding_conveyor_fn$fn__5823.invoke(core.clj:2047)
	at clojure.lang.AFn.call(AFn.java:18)
	at java.base/java.util.concurrent.FutureTask.run(FutureTask.java:264)
	at java.base/java.util.concurrent.ThreadPoolExecutor.runWorker(ThreadPoolExecutor.java:1136)
	at java.base/java.util.concurrent.ThreadPoolExecutor$Worker.run(ThreadPoolExecutor.java:635)
	at java.base/java.lang.Thread.run(Thread.java:833)
2023-10-17 18:34:36,286{GMT}	INFO	[jepsen worker 0] jepsen.util: 33	:invoke	:echo	"Please echo 101"
2023-10-17 18:34:36,297{GMT}	WARN	[jepsen worker 0] jepsen.generator.interpreter: Process 33 crashed
clojure.lang.ExceptionInfo: Malformed RPC response. Maelstrom sent node n0 the following request:

{:echo "Please echo 101", :type "echo", :msg_id 1}

And expected a response of the form:

{:type (eq "echo_ok"), :echo Any, {:k :msg_id} Int, :in_reply_to Int}

... but instead received

{:msg_id 68, :in_reply_to 1, :type "echo", :echo "Please echo 101"}

This is malformed because:

{:type (not (= "echo_ok" "echo"))}

See doc/protocol.md for more guidance.
	at slingshot.support$stack_trace.invoke(support.clj:201)
	at maelstrom.client$check_body.invokeStatic(client.clj:188)
	at maelstrom.client$check_body.invoke(client.clj:181)
	at maelstrom.workload.echo$fn__16852$echo_BANG___16853.invoke(echo.clj:15)
	at maelstrom.workload.echo$fn__16852$echo_BANG___16853.invoke(echo.clj:15)
	at maelstrom.workload.echo$client$reify__16863.invoke_BANG_(echo.clj:36)
	at jepsen.client.Validate.invoke_BANG_(client.clj:83)
	at jepsen.generator.interpreter.ClientWorker.invoke_BANG_(interpreter.clj:65)
	at jepsen.generator.interpreter$spawn_worker$fn__12908$fn__12909.invoke(interpreter.clj:140)
	at jepsen.generator.interpreter$spawn_worker$fn__12908.invoke(interpreter.clj:123)
	at clojure.core$binding_conveyor_fn$fn__5823.invoke(core.clj:2047)
	at clojure.lang.AFn.call(AFn.java:18)
	at java.base/java.util.concurrent.FutureTask.run(FutureTask.java:264)
	at java.base/java.util.concurrent.ThreadPoolExecutor.runWorker(ThreadPoolExecutor.java:1136)
	at java.base/java.util.concurrent.ThreadPoolExecutor$Worker.run(ThreadPoolExecutor.java:635)
	at java.base/java.lang.Thread.run(Thread.java:833)
2023-10-17 18:34:36,645{GMT}	INFO	[jepsen worker 0] jepsen.util: 34	:invoke	:echo	"Please echo 80"
2023-10-17 18:34:36,658{GMT}	WARN	[jepsen worker 0] jepsen.generator.interpreter: Process 34 crashed
clojure.lang.ExceptionInfo: Malformed RPC response. Maelstrom sent node n0 the following request:

{:echo "Please echo 80", :type "echo", :msg_id 1}

And expected a response of the form:

{:type (eq "echo_ok"), :echo Any, {:k :msg_id} Int, :in_reply_to Int}

... but instead received

{:msg_id 70, :in_reply_to 1, :type "echo", :echo "Please echo 80"}

This is malformed because:

{:type (not (= "echo_ok" "echo"))}

See doc/protocol.md for more guidance.
	at slingshot.support$stack_trace.invoke(support.clj:201)
	at maelstrom.client$check_body.invokeStatic(client.clj:188)
	at maelstrom.client$check_body.invoke(client.clj:181)
	at maelstrom.workload.echo$fn__16852$echo_BANG___16853.invoke(echo.clj:15)
	at maelstrom.workload.echo$fn__16852$echo_BANG___16853.invoke(echo.clj:15)
	at maelstrom.workload.echo$client$reify__16863.invoke_BANG_(echo.clj:36)
	at jepsen.client.Validate.invoke_BANG_(client.clj:83)
	at jepsen.generator.interpreter.ClientWorker.invoke_BANG_(interpreter.clj:65)
	at jepsen.generator.interpreter$spawn_worker$fn__12908$fn__12909.invoke(interpreter.clj:140)
	at jepsen.generator.interpreter$spawn_worker$fn__12908.invoke(interpreter.clj:123)
	at clojure.core$binding_conveyor_fn$fn__5823.invoke(core.clj:2047)
	at clojure.lang.AFn.call(AFn.java:18)
	at java.base/java.util.concurrent.FutureTask.run(FutureTask.java:264)
	at java.base/java.util.concurrent.ThreadPoolExecutor.runWorker(ThreadPoolExecutor.java:1136)
	at java.base/java.util.concurrent.ThreadPoolExecutor$Worker.run(ThreadPoolExecutor.java:635)
	at java.base/java.lang.Thread.run(Thread.java:833)
2023-10-17 18:34:36,857{GMT}	INFO	[jepsen worker 0] jepsen.util: 35	:invoke	:echo	"Please echo 109"
2023-10-17 18:34:36,884{GMT}	WARN	[jepsen worker 0] jepsen.generator.interpreter: Process 35 crashed
clojure.lang.ExceptionInfo: Malformed RPC response. Maelstrom sent node n0 the following request:

{:echo "Please echo 109", :type "echo", :msg_id 1}

And expected a response of the form:

{:type (eq "echo_ok"), :echo Any, {:k :msg_id} Int, :in_reply_to Int}

... but instead received

{:msg_id 72, :in_reply_to 1, :type "echo", :echo "Please echo 109"}

This is malformed because:

{:type (not (= "echo_ok" "echo"))}

See doc/protocol.md for more guidance.
	at slingshot.support$stack_trace.invoke(support.clj:201)
	at maelstrom.client$check_body.invokeStatic(client.clj:188)
	at maelstrom.client$check_body.invoke(client.clj:181)
	at maelstrom.workload.echo$fn__16852$echo_BANG___16853.invoke(echo.clj:15)
	at maelstrom.workload.echo$fn__16852$echo_BANG___16853.invoke(echo.clj:15)
	at maelstrom.workload.echo$client$reify__16863.invoke_BANG_(echo.clj:36)
	at jepsen.client.Validate.invoke_BANG_(client.clj:83)
	at jepsen.generator.interpreter.ClientWorker.invoke_BANG_(interpreter.clj:65)
	at jepsen.generator.interpreter$spawn_worker$fn__12908$fn__12909.invoke(interpreter.clj:140)
	at jepsen.generator.interpreter$spawn_worker$fn__12908.invoke(interpreter.clj:123)
	at clojure.core$binding_conveyor_fn$fn__5823.invoke(core.clj:2047)
	at clojure.lang.AFn.call(AFn.java:18)
	at java.base/java.util.concurrent.FutureTask.run(FutureTask.java:264)
	at java.base/java.util.concurrent.ThreadPoolExecutor.runWorker(ThreadPoolExecutor.java:1136)
	at java.base/java.util.concurrent.ThreadPoolExecutor$Worker.run(ThreadPoolExecutor.java:635)
	at java.base/java.lang.Thread.run(Thread.java:833)
2023-10-17 18:34:36,919{GMT}	INFO	[jepsen worker 0] jepsen.util: 36	:invoke	:echo	"Please echo 38"
2023-10-17 18:34:36,946{GMT}	WARN	[jepsen worker 0] jepsen.generator.interpreter: Process 36 crashed
clojure.lang.ExceptionInfo: Malformed RPC response. Maelstrom sent node n0 the following request:

{:echo "Please echo 38", :type "echo", :msg_id 1}

And expected a response of the form:

{:type (eq "echo_ok"), :echo Any, {:k :msg_id} Int, :in_reply_to Int}

... but instead received

{:msg_id 74, :in_reply_to 1, :type "echo", :echo "Please echo 38"}

This is malformed because:

{:type (not (= "echo_ok" "echo"))}

See doc/protocol.md for more guidance.
	at slingshot.support$stack_trace.invoke(support.clj:201)
	at maelstrom.client$check_body.invokeStatic(client.clj:188)
	at maelstrom.client$check_body.invoke(client.clj:181)
	at maelstrom.workload.echo$fn__16852$echo_BANG___16853.invoke(echo.clj:15)
	at maelstrom.workload.echo$fn__16852$echo_BANG___16853.invoke(echo.clj:15)
	at maelstrom.workload.echo$client$reify__16863.invoke_BANG_(echo.clj:36)
	at jepsen.client.Validate.invoke_BANG_(client.clj:83)
	at jepsen.generator.interpreter.ClientWorker.invoke_BANG_(interpreter.clj:65)
	at jepsen.generator.interpreter$spawn_worker$fn__12908$fn__12909.invoke(interpreter.clj:140)
	at jepsen.generator.interpreter$spawn_worker$fn__12908.invoke(interpreter.clj:123)
	at clojure.core$binding_conveyor_fn$fn__5823.invoke(core.clj:2047)
	at clojure.lang.AFn.call(AFn.java:18)
	at java.base/java.util.concurrent.FutureTask.run(FutureTask.java:264)
	at java.base/java.util.concurrent.ThreadPoolExecutor.runWorker(ThreadPoolExecutor.java:1136)
	at java.base/java.util.concurrent.ThreadPoolExecutor$Worker.run(ThreadPoolExecutor.java:635)
	at java.base/java.lang.Thread.run(Thread.java:833)
2023-10-17 18:34:37,021{GMT}	INFO	[jepsen worker 0] jepsen.util: 37	:invoke	:echo	"Please echo 92"
2023-10-17 18:34:37,042{GMT}	WARN	[jepsen worker 0] jepsen.generator.interpreter: Process 37 crashed
clojure.lang.ExceptionInfo: Malformed RPC response. Maelstrom sent node n0 the following request:

{:echo "Please echo 92", :type "echo", :msg_id 1}

And expected a response of the form:

{:type (eq "echo_ok"), :echo Any, {:k :msg_id} Int, :in_reply_to Int}

... but instead received

{:msg_id 76, :in_reply_to 1, :type "echo", :echo "Please echo 92"}

This is malformed because:

{:type (not (= "echo_ok" "echo"))}

See doc/protocol.md for more guidance.
	at slingshot.support$stack_trace.invoke(support.clj:201)
	at maelstrom.client$check_body.invokeStatic(client.clj:188)
	at maelstrom.client$check_body.invoke(client.clj:181)
	at maelstrom.workload.echo$fn__16852$echo_BANG___16853.invoke(echo.clj:15)
	at maelstrom.workload.echo$fn__16852$echo_BANG___16853.invoke(echo.clj:15)
	at maelstrom.workload.echo$client$reify__16863.invoke_BANG_(echo.clj:36)
	at jepsen.client.Validate.invoke_BANG_(client.clj:83)
	at jepsen.generator.interpreter.ClientWorker.invoke_BANG_(interpreter.clj:65)
	at jepsen.generator.interpreter$spawn_worker$fn__12908$fn__12909.invoke(interpreter.clj:140)
	at jepsen.generator.interpreter$spawn_worker$fn__12908.invoke(interpreter.clj:123)
	at clojure.core$binding_conveyor_fn$fn__5823.invoke(core.clj:2047)
	at clojure.lang.AFn.call(AFn.java:18)
	at java.base/java.util.concurrent.FutureTask.run(FutureTask.java:264)
	at java.base/java.util.concurrent.ThreadPoolExecutor.runWorker(ThreadPoolExecutor.java:1136)
	at java.base/java.util.concurrent.ThreadPoolExecutor$Worker.run(ThreadPoolExecutor.java:635)
	at java.base/java.lang.Thread.run(Thread.java:833)
2023-10-17 18:34:37,179{GMT}	INFO	[jepsen worker 0] jepsen.util: 38	:invoke	:echo	"Please echo 96"
2023-10-17 18:34:37,199{GMT}	WARN	[jepsen worker 0] jepsen.generator.interpreter: Process 38 crashed
clojure.lang.ExceptionInfo: Malformed RPC response. Maelstrom sent node n0 the following request:

{:echo "Please echo 96", :type "echo", :msg_id 1}

And expected a response of the form:

{:type (eq "echo_ok"), :echo Any, {:k :msg_id} Int, :in_reply_to Int}

... but instead received

{:msg_id 78, :in_reply_to 1, :type "echo", :echo "Please echo 96"}

This is malformed because:

{:type (not (= "echo_ok" "echo"))}

See doc/protocol.md for more guidance.
	at slingshot.support$stack_trace.invoke(support.clj:201)
	at maelstrom.client$check_body.invokeStatic(client.clj:188)
	at maelstrom.client$check_body.invoke(client.clj:181)
	at maelstrom.workload.echo$fn__16852$echo_BANG___16853.invoke(echo.clj:15)
	at maelstrom.workload.echo$fn__16852$echo_BANG___16853.invoke(echo.clj:15)
	at maelstrom.workload.echo$client$reify__16863.invoke_BANG_(echo.clj:36)
	at jepsen.client.Validate.invoke_BANG_(client.clj:83)
	at jepsen.generator.interpreter.ClientWorker.invoke_BANG_(interpreter.clj:65)
	at jepsen.generator.interpreter$spawn_worker$fn__12908$fn__12909.invoke(interpreter.clj:140)
	at jepsen.generator.interpreter$spawn_worker$fn__12908.invoke(interpreter.clj:123)
	at clojure.core$binding_conveyor_fn$fn__5823.invoke(core.clj:2047)
	at clojure.lang.AFn.call(AFn.java:18)
	at java.base/java.util.concurrent.FutureTask.run(FutureTask.java:264)
	at java.base/java.util.concurrent.ThreadPoolExecutor.runWorker(ThreadPoolExecutor.java:1136)
	at java.base/java.util.concurrent.ThreadPoolExecutor$Worker.run(ThreadPoolExecutor.java:635)
	at java.base/java.lang.Thread.run(Thread.java:833)
2023-10-17 18:34:37,574{GMT}	INFO	[jepsen worker 0] jepsen.util: 39	:invoke	:echo	"Please echo 106"
2023-10-17 18:34:37,590{GMT}	WARN	[jepsen worker 0] jepsen.generator.interpreter: Process 39 crashed
clojure.lang.ExceptionInfo: Malformed RPC response. Maelstrom sent node n0 the following request:

{:echo "Please echo 106", :type "echo", :msg_id 1}

And expected a response of the form:

{:type (eq "echo_ok"), :echo Any, {:k :msg_id} Int, :in_reply_to Int}

... but instead received

{:msg_id 80, :in_reply_to 1, :type "echo", :echo "Please echo 106"}

This is malformed because:

{:type (not (= "echo_ok" "echo"))}

See doc/protocol.md for more guidance.
	at slingshot.support$stack_trace.invoke(support.clj:201)
	at maelstrom.client$check_body.invokeStatic(client.clj:188)
	at maelstrom.client$check_body.invoke(client.clj:181)
	at maelstrom.workload.echo$fn__16852$echo_BANG___16853.invoke(echo.clj:15)
	at maelstrom.workload.echo$fn__16852$echo_BANG___16853.invoke(echo.clj:15)
	at maelstrom.workload.echo$client$reify__16863.invoke_BANG_(echo.clj:36)
	at jepsen.client.Validate.invoke_BANG_(client.clj:83)
	at jepsen.generator.interpreter.ClientWorker.invoke_BANG_(interpreter.clj:65)
	at jepsen.generator.interpreter$spawn_worker$fn__12908$fn__12909.invoke(interpreter.clj:140)
	at jepsen.generator.interpreter$spawn_worker$fn__12908.invoke(interpreter.clj:123)
	at clojure.core$binding_conveyor_fn$fn__5823.invoke(core.clj:2047)
	at clojure.lang.AFn.call(AFn.java:18)
	at java.base/java.util.concurrent.FutureTask.run(FutureTask.java:264)
	at java.base/java.util.concurrent.ThreadPoolExecutor.runWorker(ThreadPoolExecutor.java:1136)
	at java.base/java.util.concurrent.ThreadPoolExecutor$Worker.run(ThreadPoolExecutor.java:635)
	at java.base/java.lang.Thread.run(Thread.java:833)
2023-10-17 18:34:37,883{GMT}	INFO	[jepsen worker 0] jepsen.util: 40	:invoke	:echo	"Please echo 120"
2023-10-17 18:34:37,893{GMT}	WARN	[jepsen worker 0] jepsen.generator.interpreter: Process 40 crashed
clojure.lang.ExceptionInfo: Malformed RPC response. Maelstrom sent node n0 the following request:

{:echo "Please echo 120", :type "echo", :msg_id 1}

And expected a response of the form:

{:type (eq "echo_ok"), :echo Any, {:k :msg_id} Int, :in_reply_to Int}

... but instead received

{:msg_id 82, :in_reply_to 1, :type "echo", :echo "Please echo 120"}

This is malformed because:

{:type (not (= "echo_ok" "echo"))}

See doc/protocol.md for more guidance.
	at slingshot.support$stack_trace.invoke(support.clj:201)
	at maelstrom.client$check_body.invokeStatic(client.clj:188)
	at maelstrom.client$check_body.invoke(client.clj:181)
	at maelstrom.workload.echo$fn__16852$echo_BANG___16853.invoke(echo.clj:15)
	at maelstrom.workload.echo$fn__16852$echo_BANG___16853.invoke(echo.clj:15)
	at maelstrom.workload.echo$client$reify__16863.invoke_BANG_(echo.clj:36)
	at jepsen.client.Validate.invoke_BANG_(client.clj:83)
	at jepsen.generator.interpreter.ClientWorker.invoke_BANG_(interpreter.clj:65)
	at jepsen.generator.interpreter$spawn_worker$fn__12908$fn__12909.invoke(interpreter.clj:140)
	at jepsen.generator.interpreter$spawn_worker$fn__12908.invoke(interpreter.clj:123)
	at clojure.core$binding_conveyor_fn$fn__5823.invoke(core.clj:2047)
	at clojure.lang.AFn.call(AFn.java:18)
	at java.base/java.util.concurrent.FutureTask.run(FutureTask.java:264)
	at java.base/java.util.concurrent.ThreadPoolExecutor.runWorker(ThreadPoolExecutor.java:1136)
	at java.base/java.util.concurrent.ThreadPoolExecutor$Worker.run(ThreadPoolExecutor.java:635)
	at java.base/java.lang.Thread.run(Thread.java:833)
2023-10-17 18:34:38,258{GMT}	INFO	[jepsen worker 0] jepsen.util: 41	:invoke	:echo	"Please echo 51"
2023-10-17 18:34:38,269{GMT}	WARN	[jepsen worker 0] jepsen.generator.interpreter: Process 41 crashed
clojure.lang.ExceptionInfo: Malformed RPC response. Maelstrom sent node n0 the following request:

{:echo "Please echo 51", :type "echo", :msg_id 1}

And expected a response of the form:

{:type (eq "echo_ok"), :echo Any, {:k :msg_id} Int, :in_reply_to Int}

... but instead received

{:msg_id 84, :in_reply_to 1, :type "echo", :echo "Please echo 51"}

This is malformed because:

{:type (not (= "echo_ok" "echo"))}

See doc/protocol.md for more guidance.
	at slingshot.support$stack_trace.invoke(support.clj:201)
	at maelstrom.client$check_body.invokeStatic(client.clj:188)
	at maelstrom.client$check_body.invoke(client.clj:181)
	at maelstrom.workload.echo$fn__16852$echo_BANG___16853.invoke(echo.clj:15)
	at maelstrom.workload.echo$fn__16852$echo_BANG___16853.invoke(echo.clj:15)
	at maelstrom.workload.echo$client$reify__16863.invoke_BANG_(echo.clj:36)
	at jepsen.client.Validate.invoke_BANG_(client.clj:83)
	at jepsen.generator.interpreter.ClientWorker.invoke_BANG_(interpreter.clj:65)
	at jepsen.generator.interpreter$spawn_worker$fn__12908$fn__12909.invoke(interpreter.clj:140)
	at jepsen.generator.interpreter$spawn_worker$fn__12908.invoke(interpreter.clj:123)
	at clojure.core$binding_conveyor_fn$fn__5823.invoke(core.clj:2047)
	at clojure.lang.AFn.call(AFn.java:18)
	at java.base/java.util.concurrent.FutureTask.run(FutureTask.java:264)
	at java.base/java.util.concurrent.ThreadPoolExecutor.runWorker(ThreadPoolExecutor.java:1136)
	at java.base/java.util.concurrent.ThreadPoolExecutor$Worker.run(ThreadPoolExecutor.java:635)
	at java.base/java.lang.Thread.run(Thread.java:833)
2023-10-17 18:34:38,527{GMT}	INFO	[jepsen worker 0] jepsen.util: 42	:invoke	:echo	"Please echo 8"
2023-10-17 18:34:38,540{GMT}	WARN	[jepsen worker 0] jepsen.generator.interpreter: Process 42 crashed
clojure.lang.ExceptionInfo: Malformed RPC response. Maelstrom sent node n0 the following request:

{:echo "Please echo 8", :type "echo", :msg_id 1}

And expected a response of the form:

{:type (eq "echo_ok"), :echo Any, {:k :msg_id} Int, :in_reply_to Int}

... but instead received

{:msg_id 86, :in_reply_to 1, :type "echo", :echo "Please echo 8"}

This is malformed because:

{:type (not (= "echo_ok" "echo"))}

See doc/protocol.md for more guidance.
	at slingshot.support$stack_trace.invoke(support.clj:201)
	at maelstrom.client$check_body.invokeStatic(client.clj:188)
	at maelstrom.client$check_body.invoke(client.clj:181)
	at maelstrom.workload.echo$fn__16852$echo_BANG___16853.invoke(echo.clj:15)
	at maelstrom.workload.echo$fn__16852$echo_BANG___16853.invoke(echo.clj:15)
	at maelstrom.workload.echo$client$reify__16863.invoke_BANG_(echo.clj:36)
	at jepsen.client.Validate.invoke_BANG_(client.clj:83)
	at jepsen.generator.interpreter.ClientWorker.invoke_BANG_(interpreter.clj:65)
	at jepsen.generator.interpreter$spawn_worker$fn__12908$fn__12909.invoke(interpreter.clj:140)
	at jepsen.generator.interpreter$spawn_worker$fn__12908.invoke(interpreter.clj:123)
	at clojure.core$binding_conveyor_fn$fn__5823.invoke(core.clj:2047)
	at clojure.lang.AFn.call(AFn.java:18)
	at java.base/java.util.concurrent.FutureTask.run(FutureTask.java:264)
	at java.base/java.util.concurrent.ThreadPoolExecutor.runWorker(ThreadPoolExecutor.java:1136)
	at java.base/java.util.concurrent.ThreadPoolExecutor$Worker.run(ThreadPoolExecutor.java:635)
	at java.base/java.lang.Thread.run(Thread.java:833)
2023-10-17 18:34:38,556{GMT}	INFO	[jepsen worker 0] jepsen.util: 43	:invoke	:echo	"Please echo 61"
2023-10-17 18:34:38,577{GMT}	WARN	[jepsen worker 0] jepsen.generator.interpreter: Process 43 crashed
clojure.lang.ExceptionInfo: Malformed RPC response. Maelstrom sent node n0 the following request:

{:echo "Please echo 61", :type "echo", :msg_id 1}

And expected a response of the form:

{:type (eq "echo_ok"), :echo Any, {:k :msg_id} Int, :in_reply_to Int}

... but instead received

{:msg_id 88, :in_reply_to 1, :type "echo", :echo "Please echo 61"}

This is malformed because:

{:type (not (= "echo_ok" "echo"))}

See doc/protocol.md for more guidance.
	at slingshot.support$stack_trace.invoke(support.clj:201)
	at maelstrom.client$check_body.invokeStatic(client.clj:188)
	at maelstrom.client$check_body.invoke(client.clj:181)
	at maelstrom.workload.echo$fn__16852$echo_BANG___16853.invoke(echo.clj:15)
	at maelstrom.workload.echo$fn__16852$echo_BANG___16853.invoke(echo.clj:15)
	at maelstrom.workload.echo$client$reify__16863.invoke_BANG_(echo.clj:36)
	at jepsen.client.Validate.invoke_BANG_(client.clj:83)
	at jepsen.generator.interpreter.ClientWorker.invoke_BANG_(interpreter.clj:65)
	at jepsen.generator.interpreter$spawn_worker$fn__12908$fn__12909.invoke(interpreter.clj:140)
	at jepsen.generator.interpreter$spawn_worker$fn__12908.invoke(interpreter.clj:123)
	at clojure.core$binding_conveyor_fn$fn__5823.invoke(core.clj:2047)
	at clojure.lang.AFn.call(AFn.java:18)
	at java.base/java.util.concurrent.FutureTask.run(FutureTask.java:264)
	at java.base/java.util.concurrent.ThreadPoolExecutor.runWorker(ThreadPoolExecutor.java:1136)
	at java.base/java.util.concurrent.ThreadPoolExecutor$Worker.run(ThreadPoolExecutor.java:635)
	at java.base/java.lang.Thread.run(Thread.java:833)
2023-10-17 18:34:38,818{GMT}	INFO	[jepsen worker 0] jepsen.util: 44	:invoke	:echo	"Please echo 94"
2023-10-17 18:34:38,825{GMT}	WARN	[jepsen worker 0] jepsen.generator.interpreter: Process 44 crashed
clojure.lang.ExceptionInfo: Malformed RPC response. Maelstrom sent node n0 the following request:

{:echo "Please echo 94", :type "echo", :msg_id 1}

And expected a response of the form:

{:type (eq "echo_ok"), :echo Any, {:k :msg_id} Int, :in_reply_to Int}

... but instead received

{:msg_id 90, :in_reply_to 1, :type "echo", :echo "Please echo 94"}

This is malformed because:

{:type (not (= "echo_ok" "echo"))}

See doc/protocol.md for more guidance.
	at slingshot.support$stack_trace.invoke(support.clj:201)
	at maelstrom.client$check_body.invokeStatic(client.clj:188)
	at maelstrom.client$check_body.invoke(client.clj:181)
	at maelstrom.workload.echo$fn__16852$echo_BANG___16853.invoke(echo.clj:15)
	at maelstrom.workload.echo$fn__16852$echo_BANG___16853.invoke(echo.clj:15)
	at maelstrom.workload.echo$client$reify__16863.invoke_BANG_(echo.clj:36)
	at jepsen.client.Validate.invoke_BANG_(client.clj:83)
	at jepsen.generator.interpreter.ClientWorker.invoke_BANG_(interpreter.clj:65)
	at jepsen.generator.interpreter$spawn_worker$fn__12908$fn__12909.invoke(interpreter.clj:140)
	at jepsen.generator.interpreter$spawn_worker$fn__12908.invoke(interpreter.clj:123)
	at clojure.core$binding_conveyor_fn$fn__5823.invoke(core.clj:2047)
	at clojure.lang.AFn.call(AFn.java:18)
	at java.base/java.util.concurrent.FutureTask.run(FutureTask.java:264)
	at java.base/java.util.concurrent.ThreadPoolExecutor.runWorker(ThreadPoolExecutor.java:1136)
	at java.base/java.util.concurrent.ThreadPoolExecutor$Worker.run(ThreadPoolExecutor.java:635)
	at java.base/java.lang.Thread.run(Thread.java:833)
2023-10-17 18:34:38,881{GMT}	INFO	[jepsen test runner] jepsen.core: Run complete, writing
2023-10-17 18:34:39,005{GMT}	INFO	[jepsen node n0] maelstrom.db: Tearing down n0
2023-10-17 18:34:39,933{GMT}	INFO	[jepsen node n0] maelstrom.net: Shutting down Maelstrom network
2023-10-17 18:34:39,934{GMT}	INFO	[jepsen test runner] jepsen.core: Analyzing...
2023-10-17 18:34:40,299{GMT}	INFO	[jepsen test runner] jepsen.core: Analysis complete
2023-10-17 18:34:40,340{GMT}	INFO	[jepsen results] jepsen.store: Wrote /home/timolinn/deark/fly-io-gossip-gloomers/rust/maelstrom-echo/store/echo/20231017T183424.837+0200/results.edn
2023-10-17 18:34:40,378{GMT}	INFO	[jepsen test runner] jepsen.core: {:perf {:latency-graph {:valid? true},
        :rate-graph {:valid? true},
        :valid? true},
 :timeline {:valid? true},
 :exceptions {:valid? true,
              :exceptions ({:count 45,
                            :class clojure.lang.ExceptionInfo,
                            :example #jepsen.history.Op{:index 1,
                                                        :time 80274077,
                                                        :type :info,
                                                        :process 0,
                                                        :f :echo,
                                                        :value "Please echo 47",
                                                        :exception {:via [{:type clojure.lang.ExceptionInfo,
                                                                           :message "Malformed RPC response. Maelstrom sent node n0 the following request:\n\n{:echo \"Please echo 47\", :type \"echo\", :msg_id 1}\n\nAnd expected a response of the form:\n\n{:type (eq \"echo_ok\"), :echo Any, {:k :msg_id} Int, :in_reply_to Int}\n\n... but instead received\n\n{:msg_id 2, :in_reply_to 1, :type \"echo\", :echo \"Please echo 47\"}\n\nThis is malformed because:\n\n{:type (not (= \"echo_ok\" \"echo\"))}\n\nSee doc/protocol.md for more guidance.",
                                                                           :data {:type :malformed-rpc-response,
                                                                                  :body {:msg_id 2,
                                                                                         :in_reply_to 1,
                                                                                         :type "echo",
                                                                                         :echo "Please echo 47"}},
                                                                           :at [slingshot.support$stack_trace
                                                                                invoke
                                                                                "support.clj"
                                                                                201]}],
                                                                    :trace [[slingshot.support$stack_trace
                                                                             invoke
                                                                             "support.clj"
                                                                             201]
                                                                            [maelstrom.client$check_body
                                                                             invokeStatic
                                                                             "client.clj"
                                                                             188]
                                                                            [maelstrom.client$check_body
                                                                             invoke
                                                                             "client.clj"
                                                                             181]
                                                                            [maelstrom.workload.echo$fn__16852$echo_BANG___16853
                                                                             invoke
                                                                             "echo.clj"
                                                                             15]
                                                                            [maelstrom.workload.echo$fn__16852$echo_BANG___16853
                                                                             invoke
                                                                             "echo.clj"
                                                                             15]
                                                                            [maelstrom.workload.echo$client$reify__16863
                                                                             invoke_BANG_
                                                                             "echo.clj"
                                                                             36]
                                                                            [jepsen.client.Validate
                                                                             invoke_BANG_
                                                                             "client.clj"
                                                                             83]
                                                                            [jepsen.generator.interpreter.ClientWorker
                                                                             invoke_BANG_
                                                                             "interpreter.clj"
                                                                             65]
                                                                            [jepsen.generator.interpreter$spawn_worker$fn__12908$fn__12909
                                                                             invoke
                                                                             "interpreter.clj"
                                                                             140]
                                                                            [jepsen.generator.interpreter$spawn_worker$fn__12908
                                                                             invoke
                                                                             "interpreter.clj"
                                                                             123]
                                                                            [clojure.core$binding_conveyor_fn$fn__5823
                                                                             invoke
                                                                             "core.clj"
                                                                             2047]
                                                                            [clojure.lang.AFn
                                                                             call
                                                                             "AFn.java"
                                                                             18]
                                                                            [java.util.concurrent.FutureTask
                                                                             run
                                                                             "FutureTask.java"
                                                                             264]
                                                                            [java.util.concurrent.ThreadPoolExecutor
                                                                             runWorker
                                                                             "ThreadPoolExecutor.java"
                                                                             1136]
                                                                            [java.util.concurrent.ThreadPoolExecutor$Worker
                                                                             run
                                                                             "ThreadPoolExecutor.java"
                                                                             635]
                                                                            [java.lang.Thread
                                                                             run
                                                                             "Thread.java"
                                                                             833]],
                                                                    :cause "Malformed RPC response. Maelstrom sent node n0 the following request:\n\n{:echo \"Please echo 47\", :type \"echo\", :msg_id 1}\n\nAnd expected a response of the form:\n\n{:type (eq \"echo_ok\"), :echo Any, {:k :msg_id} Int, :in_reply_to Int}\n\n... but instead received\n\n{:msg_id 2, :in_reply_to 1, :type \"echo\", :echo \"Please echo 47\"}\n\nThis is malformed because:\n\n{:type (not (= \"echo_ok\" \"echo\"))}\n\nSee doc/protocol.md for more guidance.",
                                                                    :data {:type :malformed-rpc-response,
                                                                           :body {:msg_id 2,
                                                                                  :in_reply_to 1,
                                                                                  :type "echo",
                                                                                  :echo "Please echo 47"}}},
                                                        :error "indeterminate: Malformed RPC response. Maelstrom sent node n0 the following request:\n\n{:echo \"Please echo 47\", :type \"echo\", :msg_id 1}\n\nAnd expected a response of the form:\n\n{:type (eq \"echo_ok\"), :echo Any, {:k :msg_id} Int, :in_reply_to Int}\n\n... but instead received\n\n{:msg_id 2, :in_reply_to 1, :type \"echo\", :echo \"Please echo 47\"}\n\nThis is malformed because:\n\n{:type (not (= \"echo_ok\" \"echo\"))}\n\nSee doc/protocol.md for more guidance."}})},
 :stats {:valid? false,
         :count 45,
         :ok-count 0,
         :fail-count 0,
         :info-count 45,
         :by-f {:echo {:valid? false,
                       :count 45,
                       :ok-count 0,
                       :fail-count 0,
                       :info-count 45}}},
 :availability {:valid? true, :ok-fraction 0.0},
 :net {:all {:send-count 92,
             :recv-count 92,
             :msg-count 92,
             :msgs-per-op 2.0444446},
       :clients {:send-count 92, :recv-count 92, :msg-count 92},
       :servers {:send-count 0,
                 :recv-count 0,
                 :msg-count 0,
                 :msgs-per-op 0.0},
       :valid? true},
 :workload {:valid? true, :errors ()},
 :valid? false}


Analysis invalid! ( 
